CRITICAL - 2026-03-06 02:06:13 --> Error: Undefined constant "CodeIgniter\Database\MySQLi\MYSQLI_STORE_RESULT"
[Method: GET, Route: login/magic-link]
in SYSTEMPATH\Database\Database.php on line 147.
 1 SYSTEMPATH\Database\Database.php(61): CodeIgniter\Database\Database->initDriver()
 2 SYSTEMPATH\Database\Config.php(82): CodeIgniter\Database\Database->load()
 3 SYSTEMPATH\Common.php(391): CodeIgniter\Database\Config::connect()
 4 VENDORPATH\codeigniter4\settings\src\Handlers\DatabaseHandler.php(42): db_connect()
 5 VENDORPATH\codeigniter4\settings\src\Settings.php(43): CodeIgniter\Settings\Handlers\DatabaseHandler->__construct()
 6 VENDORPATH\codeigniter4\settings\src\Config\Services.php(33): CodeIgniter\Settings\Settings->__construct()
 7 SYSTEMPATH\Config\BaseService.php(325): CodeIgniter\Settings\Config\Services::settings()
 8 SYSTEMPATH\Config\BaseService.php(264): CodeIgniter\Config\BaseService::__callStatic()
 9 VENDORPATH\codeigniter4\settings\src\Config\Services.php(30): CodeIgniter\Config\BaseService::getSharedInstance()
10 SYSTEMPATH\Config\BaseService.php(334): CodeIgniter\Settings\Config\Services::settings()
11 SYSTEMPATH\Config\BaseService.php(203): CodeIgniter\Config\BaseService::__callStatic()
12 SYSTEMPATH\Common.php(1078): CodeIgniter\Config\BaseService::get()
13 VENDORPATH\codeigniter4\settings\src\Helpers\setting_helper.php(17): service()
14 VENDORPATH\codeigniter4\shield\src\Controllers\MagicLinkController.php(47): setting()
15 SYSTEMPATH\CodeIgniter.php(921): CodeIgniter\Shield\Controllers\MagicLinkController->__construct()
16 SYSTEMPATH\CodeIgniter.php(488): CodeIgniter\CodeIgniter->createController()
17 SYSTEMPATH\CodeIgniter.php(340): CodeIgniter\CodeIgniter->handleRequest()
18 SYSTEMPATH\Boot.php(417): CodeIgniter\CodeIgniter->run()
19 SYSTEMPATH\Boot.php(68): CodeIgniter\Boot::runCodeIgniter()
20 FCPATH\index.php(59): CodeIgniter\Boot::bootWeb()
21 SYSTEMPATH\rewrite.php(44): require_once('C:\\Users\\earls\\Documents\\GitHub\\MARISENSE\\src\\public\\index.php')
DEBUG - 2026-03-06 02:20:08 --> Session: Class initialized using 'CodeIgniter\Session\Handlers\FileHandler' driver.
CRITICAL - 2026-03-06 02:20:08 --> Error: Undefined constant "CodeIgniter\Database\MySQLi\MYSQLI_STORE_RESULT"
[Method: GET, Route: login]
in SYSTEMPATH\Database\Database.php on line 147.
 1 SYSTEMPATH\Database\Database.php(61): CodeIgniter\Database\Database->initDriver()
 2 SYSTEMPATH\Database\Config.php(82): CodeIgniter\Database\Database->load()
 3 SYSTEMPATH\Model.php(151): CodeIgniter\Database\Config::connect()
 4 VENDORPATH\codeigniter4\shield\src\Models\BaseModel.php(38): CodeIgniter\Model->__construct()
 5 VENDORPATH\codeigniter4\shield\src\Auth.php(167): CodeIgniter\Shield\Models\BaseModel->__construct()
 6 VENDORPATH\codeigniter4\shield\src\Auth.php(66): CodeIgniter\Shield\Auth->getProvider()
 7 VENDORPATH\codeigniter4\shield\src\Auth.php(90): CodeIgniter\Shield\Auth->ensureAuthentication()
 8 VENDORPATH\codeigniter4\shield\src\Collectors\Auth.php(68): CodeIgniter\Shield\Auth->getAuthenticator()
 9 SYSTEMPATH\Debug\Toolbar\Collectors\BaseCollector.php(227): CodeIgniter\Shield\Collectors\Auth->getTitleDetails()
10 SYSTEMPATH\Debug\Toolbar.php(95): CodeIgniter\Debug\Toolbar\Collectors\BaseCollector->getAsArray()
11 SYSTEMPATH\Debug\Toolbar.php(392): CodeIgniter\Debug\Toolbar->run()
12 SYSTEMPATH\Filters\DebugToolbar.php(44): CodeIgniter\Debug\Toolbar->prepare()
13 SYSTEMPATH\Filters\Filters.php(278): CodeIgniter\Filters\DebugToolbar->after()
14 SYSTEMPATH\Filters\Filters.php(364): CodeIgniter\Filters\Filters->runAfter()
15 SYSTEMPATH\CodeIgniter.php(393): CodeIgniter\Filters\Filters->runRequired()
16 SYSTEMPATH\CodeIgniter.php(354): CodeIgniter\CodeIgniter->runRequiredAfterFilters()
17 SYSTEMPATH\Boot.php(417): CodeIgniter\CodeIgniter->run()
18 SYSTEMPATH\Boot.php(68): CodeIgniter\Boot::runCodeIgniter()
19 FCPATH\index.php(59): CodeIgniter\Boot::bootWeb()
20 SYSTEMPATH\rewrite.php(44): require_once('C:\\Users\\earls\\Documents\\GitHub\\MARISENSE\\src\\public\\index.php')
CRITICAL - 2026-03-06 02:20:18 --> Error: Undefined constant "CodeIgniter\Database\MySQLi\MYSQLI_STORE_RESULT"
[Method: GET, Route: /]
in SYSTEMPATH\Database\Database.php on line 147.
 1 SYSTEMPATH\Database\Database.php(61): CodeIgniter\Database\Database->initDriver()
 2 SYSTEMPATH\Database\Config.php(82): CodeIgniter\Database\Database->load()
 3 SYSTEMPATH\Model.php(151): CodeIgniter\Database\Config::connect()
 4 VENDORPATH\codeigniter4\shield\src\Models\BaseModel.php(38): CodeIgniter\Model->__construct()
 5 VENDORPATH\codeigniter4\shield\src\Auth.php(167): CodeIgniter\Shield\Models\BaseModel->__construct()
 6 VENDORPATH\codeigniter4\shield\src\Auth.php(66): CodeIgniter\Shield\Auth->getProvider()
 7 VENDORPATH\codeigniter4\shield\src\Auth.php(90): CodeIgniter\Shield\Auth->ensureAuthentication()
 8 VENDORPATH\codeigniter4\shield\src\Collectors\Auth.php(68): CodeIgniter\Shield\Auth->getAuthenticator()
 9 SYSTEMPATH\Debug\Toolbar\Collectors\BaseCollector.php(227): CodeIgniter\Shield\Collectors\Auth->getTitleDetails()
10 SYSTEMPATH\Debug\Toolbar.php(95): CodeIgniter\Debug\Toolbar\Collectors\BaseCollector->getAsArray()
11 SYSTEMPATH\Debug\Toolbar.php(392): CodeIgniter\Debug\Toolbar->run()
12 SYSTEMPATH\Filters\DebugToolbar.php(44): CodeIgniter\Debug\Toolbar->prepare()
13 SYSTEMPATH\Filters\Filters.php(278): CodeIgniter\Filters\DebugToolbar->after()
14 SYSTEMPATH\Filters\Filters.php(364): CodeIgniter\Filters\Filters->runAfter()
15 SYSTEMPATH\CodeIgniter.php(393): CodeIgniter\Filters\Filters->runRequired()
16 SYSTEMPATH\CodeIgniter.php(354): CodeIgniter\CodeIgniter->runRequiredAfterFilters()
17 SYSTEMPATH\Boot.php(417): CodeIgniter\CodeIgniter->run()
18 SYSTEMPATH\Boot.php(68): CodeIgniter\Boot::runCodeIgniter()
19 FCPATH\index.php(59): CodeIgniter\Boot::bootWeb()
20 SYSTEMPATH\rewrite.php(44): require_once('C:\\Users\\earls\\Documents\\GitHub\\MARISENSE\\src\\public\\index.php')
CRITICAL - 2026-03-06 02:23:27 --> Error: Undefined constant "CodeIgniter\Database\MySQLi\MYSQLI_STORE_RESULT"
[Method: CLI, Route: migrate]
in SYSTEMPATH\Database\Database.php on line 147.
 1 SYSTEMPATH\Database\Database.php(61): CodeIgniter\Database\Database->initDriver()
 2 SYSTEMPATH\Database\Config.php(82): CodeIgniter\Database\Database->load()
 3 SYSTEMPATH\Common.php(391): CodeIgniter\Database\Config::connect()
 4 SYSTEMPATH\Database\MigrationRunner.php(156): db_connect()
 5 SYSTEMPATH\Config\Services.php(421): CodeIgniter\Database\MigrationRunner->__construct()
 6 SYSTEMPATH\Config\BaseService.php(325): CodeIgniter\Config\Services::migrations()
 7 SYSTEMPATH\Config\BaseService.php(264): CodeIgniter\Config\BaseService::__callStatic()
 8 SYSTEMPATH\Config\Services.php(416): CodeIgniter\Config\BaseService::getSharedInstance()
 9 SYSTEMPATH\Config\BaseService.php(334): CodeIgniter\Config\Services::migrations()
10 SYSTEMPATH\Config\BaseService.php(203): CodeIgniter\Config\BaseService::__callStatic()
11 SYSTEMPATH\Common.php(1078): CodeIgniter\Config\BaseService::get()
12 SYSTEMPATH\Commands\Database\Migrate.php(73): service()
13 SYSTEMPATH\CLI\Commands.php(74): CodeIgniter\Commands\Database\Migrate->run()
14 SYSTEMPATH\CLI\Console.php(47): CodeIgniter\CLI\Commands->run()
15 SYSTEMPATH\Boot.php(442): CodeIgniter\CLI\Console->run()
16 SYSTEMPATH\Boot.php(166): CodeIgniter\Boot::runCommand()
17 ROOTPATH\spark(87): CodeIgniter\Boot::bootSpark()
CRITICAL - 2026-03-06 02:24:18 --> Error: Undefined constant "CodeIgniter\Database\MySQLi\MYSQLI_STORE_RESULT"
[Method: CLI, Route: shield:user/create]
in SYSTEMPATH\Database\Database.php on line 147.
 1 SYSTEMPATH\Database\Database.php(61): CodeIgniter\Database\Database->initDriver()
 2 SYSTEMPATH\Database\Config.php(82): CodeIgniter\Database\Database->load()
 3 SYSTEMPATH\Common.php(391): CodeIgniter\Database\Config::connect()
 4 VENDORPATH\codeigniter4\settings\src\Handlers\DatabaseHandler.php(42): db_connect()
 5 VENDORPATH\codeigniter4\settings\src\Settings.php(43): CodeIgniter\Settings\Handlers\DatabaseHandler->__construct()
 6 VENDORPATH\codeigniter4\settings\src\Config\Services.php(33): CodeIgniter\Settings\Settings->__construct()
 7 SYSTEMPATH\Config\BaseService.php(325): CodeIgniter\Settings\Config\Services::settings()
 8 SYSTEMPATH\Config\BaseService.php(264): CodeIgniter\Config\BaseService::__callStatic()
 9 VENDORPATH\codeigniter4\settings\src\Config\Services.php(30): CodeIgniter\Config\BaseService::getSharedInstance()
10 SYSTEMPATH\Config\BaseService.php(334): CodeIgniter\Settings\Config\Services::settings()
11 SYSTEMPATH\Config\BaseService.php(203): CodeIgniter\Config\BaseService::__callStatic()
12 SYSTEMPATH\Common.php(1078): CodeIgniter\Config\BaseService::get()
13 VENDORPATH\codeigniter4\settings\src\Helpers\setting_helper.php(17): service()
14 VENDORPATH\codeigniter4\shield\src\Validation\ValidationRules.php(39): setting()
15 VENDORPATH\codeigniter4\shield\src\Commands\User.php(223): CodeIgniter\Shield\Validation\ValidationRules->getRegistrationRules()
16 VENDORPATH\codeigniter4\shield\src\Commands\User.php(141): CodeIgniter\Shield\Commands\User->setValidationRules()
17 SYSTEMPATH\CLI\Commands.php(74): CodeIgniter\Shield\Commands\User->run()
18 SYSTEMPATH\CLI\Console.php(47): CodeIgniter\CLI\Commands->run()
19 SYSTEMPATH\Boot.php(442): CodeIgniter\CLI\Console->run()
20 SYSTEMPATH\Boot.php(166): CodeIgniter\Boot::runCommand()
21 ROOTPATH\spark(87): CodeIgniter\Boot::bootSpark()
CRITICAL - 2026-03-06 03:00:28 --> Error: Undefined constant "CodeIgniter\Database\MySQLi\MYSQLI_STORE_RESULT"
[Method: GET, Route: /]
in SYSTEMPATH\Database\Database.php on line 147.
 1 SYSTEMPATH\Database\Database.php(61): CodeIgniter\Database\Database->initDriver()
 2 SYSTEMPATH\Database\Config.php(82): CodeIgniter\Database\Database->load()
 3 SYSTEMPATH\Model.php(151): CodeIgniter\Database\Config::connect()
 4 VENDORPATH\codeigniter4\shield\src\Models\BaseModel.php(38): CodeIgniter\Model->__construct()
 5 VENDORPATH\codeigniter4\shield\src\Auth.php(167): CodeIgniter\Shield\Models\BaseModel->__construct()
 6 VENDORPATH\codeigniter4\shield\src\Auth.php(66): CodeIgniter\Shield\Auth->getProvider()
 7 VENDORPATH\codeigniter4\shield\src\Auth.php(90): CodeIgniter\Shield\Auth->ensureAuthentication()
 8 VENDORPATH\codeigniter4\shield\src\Collectors\Auth.php(68): CodeIgniter\Shield\Auth->getAuthenticator()
 9 SYSTEMPATH\Debug\Toolbar\Collectors\BaseCollector.php(227): CodeIgniter\Shield\Collectors\Auth->getTitleDetails()
10 SYSTEMPATH\Debug\Toolbar.php(95): CodeIgniter\Debug\Toolbar\Collectors\BaseCollector->getAsArray()
11 SYSTEMPATH\Debug\Toolbar.php(392): CodeIgniter\Debug\Toolbar->run()
12 SYSTEMPATH\Filters\DebugToolbar.php(44): CodeIgniter\Debug\Toolbar->prepare()
13 SYSTEMPATH\Filters\Filters.php(278): CodeIgniter\Filters\DebugToolbar->after()
14 SYSTEMPATH\Filters\Filters.php(364): CodeIgniter\Filters\Filters->runAfter()
15 SYSTEMPATH\CodeIgniter.php(393): CodeIgniter\Filters\Filters->runRequired()
16 SYSTEMPATH\CodeIgniter.php(354): CodeIgniter\CodeIgniter->runRequiredAfterFilters()
17 SYSTEMPATH\Boot.php(417): CodeIgniter\CodeIgniter->run()
18 SYSTEMPATH\Boot.php(68): CodeIgniter\Boot::runCodeIgniter()
19 FCPATH\index.php(59): CodeIgniter\Boot::bootWeb()
20 SYSTEMPATH\rewrite.php(44): require_once('C:\\Users\\earls\\Documents\\GitHub\\MARISENSE\\src\\public\\index.php')
CRITICAL - 2026-03-06 03:01:26 --> Error: Undefined constant "CodeIgniter\Database\MySQLi\MYSQLI_STORE_RESULT"
[Method: GET, Route: /]
in SYSTEMPATH\Database\Database.php on line 147.
 1 SYSTEMPATH\Database\Database.php(61): CodeIgniter\Database\Database->initDriver()
 2 SYSTEMPATH\Database\Config.php(82): CodeIgniter\Database\Database->load()
 3 SYSTEMPATH\Model.php(151): CodeIgniter\Database\Config::connect()
 4 VENDORPATH\codeigniter4\shield\src\Models\BaseModel.php(38): CodeIgniter\Model->__construct()
 5 VENDORPATH\codeigniter4\shield\src\Auth.php(167): CodeIgniter\Shield\Models\BaseModel->__construct()
 6 VENDORPATH\codeigniter4\shield\src\Auth.php(66): CodeIgniter\Shield\Auth->getProvider()
 7 VENDORPATH\codeigniter4\shield\src\Auth.php(90): CodeIgniter\Shield\Auth->ensureAuthentication()
 8 VENDORPATH\codeigniter4\shield\src\Collectors\Auth.php(68): CodeIgniter\Shield\Auth->getAuthenticator()
 9 SYSTEMPATH\Debug\Toolbar\Collectors\BaseCollector.php(227): CodeIgniter\Shield\Collectors\Auth->getTitleDetails()
10 SYSTEMPATH\Debug\Toolbar.php(95): CodeIgniter\Debug\Toolbar\Collectors\BaseCollector->getAsArray()
11 SYSTEMPATH\Debug\Toolbar.php(392): CodeIgniter\Debug\Toolbar->run()
12 SYSTEMPATH\Filters\DebugToolbar.php(44): CodeIgniter\Debug\Toolbar->prepare()
13 SYSTEMPATH\Filters\Filters.php(278): CodeIgniter\Filters\DebugToolbar->after()
14 SYSTEMPATH\Filters\Filters.php(364): CodeIgniter\Filters\Filters->runAfter()
15 SYSTEMPATH\CodeIgniter.php(393): CodeIgniter\Filters\Filters->runRequired()
16 SYSTEMPATH\CodeIgniter.php(354): CodeIgniter\CodeIgniter->runRequiredAfterFilters()
17 SYSTEMPATH\Boot.php(417): CodeIgniter\CodeIgniter->run()
18 SYSTEMPATH\Boot.php(68): CodeIgniter\Boot::runCodeIgniter()
19 FCPATH\index.php(59): CodeIgniter\Boot::bootWeb()
20 SYSTEMPATH\rewrite.php(44): require_once('C:\\Users\\earls\\Documents\\GitHub\\MARISENSE\\src\\public\\index.php')
CRITICAL - 2026-03-06 03:01:50 --> Error: Undefined constant "CodeIgniter\Database\MySQLi\MYSQLI_STORE_RESULT"
[Method: GET, Route: /]
in SYSTEMPATH\Database\Database.php on line 147.
 1 SYSTEMPATH\Database\Database.php(61): CodeIgniter\Database\Database->initDriver()
 2 SYSTEMPATH\Database\Config.php(82): CodeIgniter\Database\Database->load()
 3 SYSTEMPATH\Model.php(151): CodeIgniter\Database\Config::connect()
 4 VENDORPATH\codeigniter4\shield\src\Models\BaseModel.php(38): CodeIgniter\Model->__construct()
 5 VENDORPATH\codeigniter4\shield\src\Auth.php(167): CodeIgniter\Shield\Models\BaseModel->__construct()
 6 VENDORPATH\codeigniter4\shield\src\Auth.php(66): CodeIgniter\Shield\Auth->getProvider()
 7 VENDORPATH\codeigniter4\shield\src\Auth.php(90): CodeIgniter\Shield\Auth->ensureAuthentication()
 8 VENDORPATH\codeigniter4\shield\src\Collectors\Auth.php(68): CodeIgniter\Shield\Auth->getAuthenticator()
 9 SYSTEMPATH\Debug\Toolbar\Collectors\BaseCollector.php(227): CodeIgniter\Shield\Collectors\Auth->getTitleDetails()
10 SYSTEMPATH\Debug\Toolbar.php(95): CodeIgniter\Debug\Toolbar\Collectors\BaseCollector->getAsArray()
11 SYSTEMPATH\Debug\Toolbar.php(392): CodeIgniter\Debug\Toolbar->run()
12 SYSTEMPATH\Filters\DebugToolbar.php(44): CodeIgniter\Debug\Toolbar->prepare()
13 SYSTEMPATH\Filters\Filters.php(278): CodeIgniter\Filters\DebugToolbar->after()
14 SYSTEMPATH\Filters\Filters.php(364): CodeIgniter\Filters\Filters->runAfter()
15 SYSTEMPATH\CodeIgniter.php(393): CodeIgniter\Filters\Filters->runRequired()
16 SYSTEMPATH\CodeIgniter.php(354): CodeIgniter\CodeIgniter->runRequiredAfterFilters()
17 SYSTEMPATH\Boot.php(417): CodeIgniter\CodeIgniter->run()
18 SYSTEMPATH\Boot.php(68): CodeIgniter\Boot::runCodeIgniter()
19 FCPATH\index.php(59): CodeIgniter\Boot::bootWeb()
20 SYSTEMPATH\rewrite.php(44): require_once('C:\\Users\\earls\\Documents\\GitHub\\MARISENSE\\src\\public\\index.php')
CRITICAL - 2026-03-06 04:29:38 --> Error: Class "Locale" not found
[Method: GET, Route: /]
in SYSTEMPATH\CodeIgniter.php on line 189.
 1 SYSTEMPATH\Boot.php(404): CodeIgniter\CodeIgniter->initialize()
 2 SYSTEMPATH\Boot.php(163): CodeIgniter\Boot::initializeCodeIgniter()
 3 ROOTPATH\spark(87): CodeIgniter\Boot::bootSpark(Object(Config\Paths))
CRITICAL - 2026-03-06 04:29:39 --> ErrorException: Uncaught Error: Class "Locale" not found in C:\Users\earls\Documents\GitHub\MARISENSE\src\vendor\codeigniter4\framework\system\I18n\TimeTrait.php:75
Stack trace:
#0 C:\Users\earls\Documents\GitHub\MARISENSE\src\vendor\codeigniter4\framework\system\I18n\TimeTrait.php(116): CodeIgniter\I18n\Time->__construct(NULL, NULL, NULL)
#1 C:\Users\earls\Documents\GitHub\MARISENSE\src\vendor\codeigniter4\framework\system\HTTP\ResponseTrait.php(398): CodeIgniter\I18n\Time::now()
#2 C:\Users\earls\Documents\GitHub\MARISENSE\src\vendor\codeigniter4\framework\system\HTTP\ResponseTrait.php(376): CodeIgniter\HTTP\Response->sendHeaders()
#3 C:\Users\earls\Documents\GitHub\MARISENSE\src\vendor\codeigniter4\framework\system\Debug\ExceptionHandler.php(95): CodeIgniter\HTTP\Response->send()
#4 C:\Users\earls\Documents\GitHub\MARISENSE\src\vendor\codeigniter4\framework\system\Debug\Exceptions.php(151): CodeIgniter\Debug\ExceptionHandler->handle(Object(Error), Object(CodeIgniter\HTTP\IncomingRequest), Object(CodeIgniter\HTTP\Response), 500, 1)
#5 [internal function]: CodeIgniter\Debug\Exceptions->exceptionHandler(Object(Error))
#6 {main}
  thrown
【Previous Exception】
Error
Class "Locale" not found
#0 C:\Users\earls\Documents\GitHub\MARISENSE\src\vendor\codeigniter4\framework\system\Boot.php(404): CodeIgniter\CodeIgniter->initialize()
#1 C:\Users\earls\Documents\GitHub\MARISENSE\src\vendor\codeigniter4\framework\system\Boot.php(163): CodeIgniter\Boot::initializeCodeIgniter()
#2 C:\Users\earls\Documents\GitHub\MARISENSE\src\spark(87): CodeIgniter\Boot::bootSpark(Object(Config\Paths))
#3 {main}
[Method: GET, Route: /]
in SYSTEMPATH\I18n\TimeTrait.php on line 75.
 1 [internal function]: CodeIgniter\Debug\Exceptions->shutdownHandler()
CRITICAL - 2026-03-06 03:34:35 --> Error: Undefined constant "CodeIgniter\Database\MySQLi\MYSQLI_STORE_RESULT"
[Method: CLI, Route: migrate]
in SYSTEMPATH\Database\Database.php on line 147.
 1 SYSTEMPATH\Database\Database.php(61): CodeIgniter\Database\Database->initDriver()
 2 SYSTEMPATH\Database\Config.php(82): CodeIgniter\Database\Database->load()
 3 SYSTEMPATH\Common.php(391): CodeIgniter\Database\Config::connect()
 4 SYSTEMPATH\Database\MigrationRunner.php(156): db_connect()
 5 SYSTEMPATH\Config\Services.php(421): CodeIgniter\Database\MigrationRunner->__construct()
 6 SYSTEMPATH\Config\BaseService.php(325): CodeIgniter\Config\Services::migrations()
 7 SYSTEMPATH\Config\BaseService.php(264): CodeIgniter\Config\BaseService::__callStatic()
 8 SYSTEMPATH\Config\Services.php(416): CodeIgniter\Config\BaseService::getSharedInstance()
 9 SYSTEMPATH\Config\BaseService.php(334): CodeIgniter\Config\Services::migrations()
10 SYSTEMPATH\Config\BaseService.php(203): CodeIgniter\Config\BaseService::__callStatic()
11 SYSTEMPATH\Common.php(1078): CodeIgniter\Config\BaseService::get()
12 SYSTEMPATH\Commands\Database\Migrate.php(73): service()
13 SYSTEMPATH\CLI\Commands.php(74): CodeIgniter\Commands\Database\Migrate->run()
14 SYSTEMPATH\CLI\Console.php(47): CodeIgniter\CLI\Commands->run()
15 SYSTEMPATH\Boot.php(442): CodeIgniter\CLI\Console->run()
16 SYSTEMPATH\Boot.php(166): CodeIgniter\Boot::runCommand()
17 ROOTPATH\spark(87): CodeIgniter\Boot::bootSpark()
CRITICAL - 2026-03-06 04:36:04 --> Error: Class "Locale" not found
[Method: GET, Route: /]
in SYSTEMPATH\CodeIgniter.php on line 189.
 1 SYSTEMPATH\Boot.php(404): CodeIgniter\CodeIgniter->initialize()
 2 SYSTEMPATH\Boot.php(163): CodeIgniter\Boot::initializeCodeIgniter()
 3 ROOTPATH\spark(87): CodeIgniter\Boot::bootSpark(Object(Config\Paths))
CRITICAL - 2026-03-06 04:36:04 --> ErrorException: Uncaught Error: Class "Locale" not found in C:\Users\earls\Documents\GitHub\MARISENSE\src\vendor\codeigniter4\framework\system\I18n\TimeTrait.php:75
Stack trace:
#0 C:\Users\earls\Documents\GitHub\MARISENSE\src\vendor\codeigniter4\framework\system\I18n\TimeTrait.php(116): CodeIgniter\I18n\Time->__construct(NULL, NULL, NULL)
#1 C:\Users\earls\Documents\GitHub\MARISENSE\src\vendor\codeigniter4\framework\system\HTTP\ResponseTrait.php(398): CodeIgniter\I18n\Time::now()
#2 C:\Users\earls\Documents\GitHub\MARISENSE\src\vendor\codeigniter4\framework\system\HTTP\ResponseTrait.php(376): CodeIgniter\HTTP\Response->sendHeaders()
#3 C:\Users\earls\Documents\GitHub\MARISENSE\src\vendor\codeigniter4\framework\system\Debug\ExceptionHandler.php(95): CodeIgniter\HTTP\Response->send()
#4 C:\Users\earls\Documents\GitHub\MARISENSE\src\vendor\codeigniter4\framework\system\Debug\Exceptions.php(151): CodeIgniter\Debug\ExceptionHandler->handle(Object(Error), Object(CodeIgniter\HTTP\IncomingRequest), Object(CodeIgniter\HTTP\Response), 500, 1)
#5 [internal function]: CodeIgniter\Debug\Exceptions->exceptionHandler(Object(Error))
#6 {main}
  thrown
【Previous Exception】
Error
Class "Locale" not found
#0 C:\Users\earls\Documents\GitHub\MARISENSE\src\vendor\codeigniter4\framework\system\Boot.php(404): CodeIgniter\CodeIgniter->initialize()
#1 C:\Users\earls\Documents\GitHub\MARISENSE\src\vendor\codeigniter4\framework\system\Boot.php(163): CodeIgniter\Boot::initializeCodeIgniter()
#2 C:\Users\earls\Documents\GitHub\MARISENSE\src\spark(87): CodeIgniter\Boot::bootSpark(Object(Config\Paths))
#3 {main}
[Method: GET, Route: /]
in SYSTEMPATH\I18n\TimeTrait.php on line 75.
 1 [internal function]: CodeIgniter\Debug\Exceptions->shutdownHandler()
CRITICAL - 2026-03-06 04:38:40 --> Error: Class "Locale" not found
[Method: GET, Route: /]
in SYSTEMPATH\CodeIgniter.php on line 189.
 1 SYSTEMPATH\Boot.php(404): CodeIgniter\CodeIgniter->initialize()
 2 SYSTEMPATH\Boot.php(163): CodeIgniter\Boot::initializeCodeIgniter()
 3 ROOTPATH\spark(87): CodeIgniter\Boot::bootSpark(Object(Config\Paths))
CRITICAL - 2026-03-06 04:38:40 --> ErrorException: Uncaught Error: Class "Locale" not found in C:\Users\earls\Documents\GitHub\MARISENSE\src\vendor\codeigniter4\framework\system\I18n\TimeTrait.php:75
Stack trace:
#0 C:\Users\earls\Documents\GitHub\MARISENSE\src\vendor\codeigniter4\framework\system\I18n\TimeTrait.php(116): CodeIgniter\I18n\Time->__construct(NULL, NULL, NULL)
#1 C:\Users\earls\Documents\GitHub\MARISENSE\src\vendor\codeigniter4\framework\system\HTTP\ResponseTrait.php(398): CodeIgniter\I18n\Time::now()
#2 C:\Users\earls\Documents\GitHub\MARISENSE\src\vendor\codeigniter4\framework\system\HTTP\ResponseTrait.php(376): CodeIgniter\HTTP\Response->sendHeaders()
#3 C:\Users\earls\Documents\GitHub\MARISENSE\src\vendor\codeigniter4\framework\system\Debug\ExceptionHandler.php(95): CodeIgniter\HTTP\Response->send()
#4 C:\Users\earls\Documents\GitHub\MARISENSE\src\vendor\codeigniter4\framework\system\Debug\Exceptions.php(151): CodeIgniter\Debug\ExceptionHandler->handle(Object(Error), Object(CodeIgniter\HTTP\IncomingRequest), Object(CodeIgniter\HTTP\Response), 500, 1)
#5 [internal function]: CodeIgniter\Debug\Exceptions->exceptionHandler(Object(Error))
#6 {main}
  thrown
【Previous Exception】
Error
Class "Locale" not found
#0 C:\Users\earls\Documents\GitHub\MARISENSE\src\vendor\codeigniter4\framework\system\Boot.php(404): CodeIgniter\CodeIgniter->initialize()
#1 C:\Users\earls\Documents\GitHub\MARISENSE\src\vendor\codeigniter4\framework\system\Boot.php(163): CodeIgniter\Boot::initializeCodeIgniter()
#2 C:\Users\earls\Documents\GitHub\MARISENSE\src\spark(87): CodeIgniter\Boot::bootSpark(Object(Config\Paths))
#3 {main}
[Method: GET, Route: /]
in SYSTEMPATH\I18n\TimeTrait.php on line 75.
 1 [internal function]: CodeIgniter\Debug\Exceptions->shutdownHandler()
CRITICAL - 2026-03-06 03:41:23 --> Error: Undefined constant "CodeIgniter\Database\MySQLi\MYSQLI_STORE_RESULT"
[Method: CLI, Route: migrate]
in SYSTEMPATH\Database\Database.php on line 147.
 1 SYSTEMPATH\Database\Database.php(61): CodeIgniter\Database\Database->initDriver()
 2 SYSTEMPATH\Database\Config.php(82): CodeIgniter\Database\Database->load()
 3 SYSTEMPATH\Common.php(391): CodeIgniter\Database\Config::connect()
 4 SYSTEMPATH\Database\MigrationRunner.php(156): db_connect()
 5 SYSTEMPATH\Config\Services.php(421): CodeIgniter\Database\MigrationRunner->__construct()
 6 SYSTEMPATH\Config\BaseService.php(325): CodeIgniter\Config\Services::migrations()
 7 SYSTEMPATH\Config\BaseService.php(264): CodeIgniter\Config\BaseService::__callStatic()
 8 SYSTEMPATH\Config\Services.php(416): CodeIgniter\Config\BaseService::getSharedInstance()
 9 SYSTEMPATH\Config\BaseService.php(334): CodeIgniter\Config\Services::migrations()
10 SYSTEMPATH\Config\BaseService.php(203): CodeIgniter\Config\BaseService::__callStatic()
11 SYSTEMPATH\Common.php(1078): CodeIgniter\Config\BaseService::get()
12 SYSTEMPATH\Commands\Database\Migrate.php(73): service()
13 SYSTEMPATH\CLI\Commands.php(74): CodeIgniter\Commands\Database\Migrate->run()
14 SYSTEMPATH\CLI\Console.php(47): CodeIgniter\CLI\Commands->run()
15 SYSTEMPATH\Boot.php(442): CodeIgniter\CLI\Console->run()
16 SYSTEMPATH\Boot.php(166): CodeIgniter\Boot::runCommand()
17 ROOTPATH\spark(87): CodeIgniter\Boot::bootSpark()
CRITICAL - 2026-03-06 03:41:40 --> Error: Undefined constant "CodeIgniter\Database\MySQLi\MYSQLI_STORE_RESULT"
[Method: CLI, Route: shield:user/create]
in SYSTEMPATH\Database\Database.php on line 147.
 1 SYSTEMPATH\Database\Database.php(61): CodeIgniter\Database\Database->initDriver()
 2 SYSTEMPATH\Database\Config.php(82): CodeIgniter\Database\Database->load()
 3 SYSTEMPATH\Common.php(391): CodeIgniter\Database\Config::connect()
 4 VENDORPATH\codeigniter4\settings\src\Handlers\DatabaseHandler.php(42): db_connect()
 5 VENDORPATH\codeigniter4\settings\src\Settings.php(43): CodeIgniter\Settings\Handlers\DatabaseHandler->__construct()
 6 VENDORPATH\codeigniter4\settings\src\Config\Services.php(33): CodeIgniter\Settings\Settings->__construct()
 7 SYSTEMPATH\Config\BaseService.php(325): CodeIgniter\Settings\Config\Services::settings()
 8 SYSTEMPATH\Config\BaseService.php(264): CodeIgniter\Config\BaseService::__callStatic()
 9 VENDORPATH\codeigniter4\settings\src\Config\Services.php(30): CodeIgniter\Config\BaseService::getSharedInstance()
10 SYSTEMPATH\Config\BaseService.php(334): CodeIgniter\Settings\Config\Services::settings()
11 SYSTEMPATH\Config\BaseService.php(203): CodeIgniter\Config\BaseService::__callStatic()
12 SYSTEMPATH\Common.php(1078): CodeIgniter\Config\BaseService::get()
13 VENDORPATH\codeigniter4\settings\src\Helpers\setting_helper.php(17): service()
14 VENDORPATH\codeigniter4\shield\src\Validation\ValidationRules.php(39): setting()
15 VENDORPATH\codeigniter4\shield\src\Commands\User.php(223): CodeIgniter\Shield\Validation\ValidationRules->getRegistrationRules()
16 VENDORPATH\codeigniter4\shield\src\Commands\User.php(141): CodeIgniter\Shield\Commands\User->setValidationRules()
17 SYSTEMPATH\CLI\Commands.php(74): CodeIgniter\Shield\Commands\User->run()
18 SYSTEMPATH\CLI\Console.php(47): CodeIgniter\CLI\Commands->run()
19 SYSTEMPATH\Boot.php(442): CodeIgniter\CLI\Console->run()
20 SYSTEMPATH\Boot.php(166): CodeIgniter\Boot::runCommand()
21 ROOTPATH\spark(87): CodeIgniter\Boot::bootSpark()
ERROR - 2026-03-06 03:43:45 --> Table 'marisense_db.settings' doesn't exist
in SYSTEMPATH\Database\MySQLi\Connection.php on line 300.
 1 SYSTEMPATH\Database\MySQLi\Connection.php(300): mysqli->query('SELECT *
FROM `settings`
WHERE `context` IS NULL', 0)
 2 SYSTEMPATH\Database\BaseConnection.php(769): CodeIgniter\Database\MySQLi\Connection->execute('SELECT *
FROM `settings`
WHERE `context` IS NULL')
 3 SYSTEMPATH\Database\BaseConnection.php(686): CodeIgniter\Database\BaseConnection->simpleQuery('SELECT *
FROM `settings`
WHERE `context` IS NULL')
 4 SYSTEMPATH\Database\BaseBuilder.php(1649): CodeIgniter\Database\BaseConnection->query('SELECT *
FROM `settings`
WHERE `context` IS NULL', [], false)
 5 VENDORPATH\codeigniter4\settings\src\Handlers\DatabaseHandler.php(186): CodeIgniter\Database\BaseBuilder->get()
 6 VENDORPATH\codeigniter4\settings\src\Handlers\DatabaseHandler.php(51): CodeIgniter\Settings\Handlers\DatabaseHandler->hydrate(null)
 7 VENDORPATH\codeigniter4\settings\src\Settings.php(59): CodeIgniter\Settings\Handlers\DatabaseHandler->has('Config\\Validation', 'registration', null)
 8 VENDORPATH\codeigniter4\settings\src\Helpers\setting_helper.php(25): CodeIgniter\Settings\Settings->get('Validation.registration')
 9 VENDORPATH\codeigniter4\shield\src\Validation\ValidationRules.php(39): setting('Validation.registration')
10 VENDORPATH\codeigniter4\shield\src\Commands\User.php(223): CodeIgniter\Shield\Validation\ValidationRules->getRegistrationRules()
11 VENDORPATH\codeigniter4\shield\src\Commands\User.php(141): CodeIgniter\Shield\Commands\User->setValidationRules()
12 SYSTEMPATH\CLI\Commands.php(74): CodeIgniter\Shield\Commands\User->run([...])
13 SYSTEMPATH\CLI\Console.php(47): CodeIgniter\CLI\Commands->run('shield:user', [...])
14 SYSTEMPATH\Boot.php(442): CodeIgniter\CLI\Console->run()
15 SYSTEMPATH\Boot.php(166): CodeIgniter\Boot::runCommand(Object(CodeIgniter\CLI\Console))
16 ROOTPATH\spark(87): CodeIgniter\Boot::bootSpark(Object(Config\Paths))
CRITICAL - 2026-03-06 03:43:46 --> CodeIgniter\Database\Exceptions\DatabaseException: Table 'marisense_db.settings' doesn't exist
[Method: CLI, Route: shield:user/create]
in SYSTEMPATH\Database\BaseConnection.php on line 724.
 1 SYSTEMPATH\Database\BaseBuilder.php(1649): CodeIgniter\Database\BaseConnection->query('SELECT *
FROM `settings`
WHERE `context` IS NULL', [], false)
 2 VENDORPATH\codeigniter4\settings\src\Handlers\DatabaseHandler.php(186): CodeIgniter\Database\BaseBuilder->get()
 3 VENDORPATH\codeigniter4\settings\src\Handlers\DatabaseHandler.php(51): CodeIgniter\Settings\Handlers\DatabaseHandler->hydrate(null)
 4 VENDORPATH\codeigniter4\settings\src\Settings.php(59): CodeIgniter\Settings\Handlers\DatabaseHandler->has('Config\\Validation', 'registration', null)
 5 VENDORPATH\codeigniter4\settings\src\Helpers\setting_helper.php(25): CodeIgniter\Settings\Settings->get('Validation.registration')
 6 VENDORPATH\codeigniter4\shield\src\Validation\ValidationRules.php(39): setting('Validation.registration')
 7 VENDORPATH\codeigniter4\shield\src\Commands\User.php(223): CodeIgniter\Shield\Validation\ValidationRules->getRegistrationRules()
 8 VENDORPATH\codeigniter4\shield\src\Commands\User.php(141): CodeIgniter\Shield\Commands\User->setValidationRules()
 9 SYSTEMPATH\CLI\Commands.php(74): CodeIgniter\Shield\Commands\User->run([...])
10 SYSTEMPATH\CLI\Console.php(47): CodeIgniter\CLI\Commands->run('shield:user', [...])
11 SYSTEMPATH\Boot.php(442): CodeIgniter\CLI\Console->run()
12 SYSTEMPATH\Boot.php(166): CodeIgniter\Boot::runCommand(Object(CodeIgniter\CLI\Console))
13 ROOTPATH\spark(87): CodeIgniter\Boot::bootSpark(Object(Config\Paths))
CRITICAL - 2026-03-06 03:43:46 --> [Caused by] CodeIgniter\Database\Exceptions\DatabaseException: Table 'marisense_db.settings' doesn't exist
in SYSTEMPATH\Database\MySQLi\Connection.php on line 310.
 1 SYSTEMPATH\Database\BaseConnection.php(769): CodeIgniter\Database\MySQLi\Connection->execute('SELECT *
FROM `settings`
WHERE `context` IS NULL')
 2 SYSTEMPATH\Database\BaseConnection.php(686): CodeIgniter\Database\BaseConnection->simpleQuery('SELECT *
FROM `settings`
WHERE `context` IS NULL')
 3 SYSTEMPATH\Database\BaseBuilder.php(1649): CodeIgniter\Database\BaseConnection->query('SELECT *
FROM `settings`
WHERE `context` IS NULL', [], false)
 4 VENDORPATH\codeigniter4\settings\src\Handlers\DatabaseHandler.php(186): CodeIgniter\Database\BaseBuilder->get()
 5 VENDORPATH\codeigniter4\settings\src\Handlers\DatabaseHandler.php(51): CodeIgniter\Settings\Handlers\DatabaseHandler->hydrate(null)
 6 VENDORPATH\codeigniter4\settings\src\Settings.php(59): CodeIgniter\Settings\Handlers\DatabaseHandler->has('Config\\Validation', 'registration', null)
 7 VENDORPATH\codeigniter4\settings\src\Helpers\setting_helper.php(25): CodeIgniter\Settings\Settings->get('Validation.registration')
 8 VENDORPATH\codeigniter4\shield\src\Validation\ValidationRules.php(39): setting('Validation.registration')
 9 VENDORPATH\codeigniter4\shield\src\Commands\User.php(223): CodeIgniter\Shield\Validation\ValidationRules->getRegistrationRules()
10 VENDORPATH\codeigniter4\shield\src\Commands\User.php(141): CodeIgniter\Shield\Commands\User->setValidationRules()
11 SYSTEMPATH\CLI\Commands.php(74): CodeIgniter\Shield\Commands\User->run([...])
12 SYSTEMPATH\CLI\Console.php(47): CodeIgniter\CLI\Commands->run('shield:user', [...])
13 SYSTEMPATH\Boot.php(442): CodeIgniter\CLI\Console->run()
14 SYSTEMPATH\Boot.php(166): CodeIgniter\Boot::runCommand(Object(CodeIgniter\CLI\Console))
15 ROOTPATH\spark(87): CodeIgniter\Boot::bootSpark(Object(Config\Paths))
CRITICAL - 2026-03-06 03:43:46 --> [Caused by] mysqli_sql_exception: Table 'marisense_db.settings' doesn't exist
in SYSTEMPATH\Database\MySQLi\Connection.php on line 300.
 1 SYSTEMPATH\Database\MySQLi\Connection.php(300): mysqli->query('SELECT *
FROM `settings`
WHERE `context` IS NULL', 0)
 2 SYSTEMPATH\Database\BaseConnection.php(769): CodeIgniter\Database\MySQLi\Connection->execute('SELECT *
FROM `settings`
WHERE `context` IS NULL')
 3 SYSTEMPATH\Database\BaseConnection.php(686): CodeIgniter\Database\BaseConnection->simpleQuery('SELECT *
FROM `settings`
WHERE `context` IS NULL')
 4 SYSTEMPATH\Database\BaseBuilder.php(1649): CodeIgniter\Database\BaseConnection->query('SELECT *
FROM `settings`
WHERE `context` IS NULL', [], false)
 5 VENDORPATH\codeigniter4\settings\src\Handlers\DatabaseHandler.php(186): CodeIgniter\Database\BaseBuilder->get()
 6 VENDORPATH\codeigniter4\settings\src\Handlers\DatabaseHandler.php(51): CodeIgniter\Settings\Handlers\DatabaseHandler->hydrate(null)
 7 VENDORPATH\codeigniter4\settings\src\Settings.php(59): CodeIgniter\Settings\Handlers\DatabaseHandler->has('Config\\Validation', 'registration', null)
 8 VENDORPATH\codeigniter4\settings\src\Helpers\setting_helper.php(25): CodeIgniter\Settings\Settings->get('Validation.registration')
 9 VENDORPATH\codeigniter4\shield\src\Validation\ValidationRules.php(39): setting('Validation.registration')
10 VENDORPATH\codeigniter4\shield\src\Commands\User.php(223): CodeIgniter\Shield\Validation\ValidationRules->getRegistrationRules()
11 VENDORPATH\codeigniter4\shield\src\Commands\User.php(141): CodeIgniter\Shield\Commands\User->setValidationRules()
12 SYSTEMPATH\CLI\Commands.php(74): CodeIgniter\Shield\Commands\User->run([...])
13 SYSTEMPATH\CLI\Console.php(47): CodeIgniter\CLI\Commands->run('shield:user', [...])
14 SYSTEMPATH\Boot.php(442): CodeIgniter\CLI\Console->run()
15 SYSTEMPATH\Boot.php(166): CodeIgniter\Boot::runCommand(Object(CodeIgniter\CLI\Console))
16 ROOTPATH\spark(87): CodeIgniter\Boot::bootSpark(Object(Config\Paths))
CRITICAL - 2026-03-06 03:54:56 --> Error: Undefined constant "CodeIgniter\Database\MySQLi\MYSQLI_STORE_RESULT"
[Method: GET, Route: register]
in SYSTEMPATH\Database\Database.php on line 147.
 1 SYSTEMPATH\Database\Database.php(61): CodeIgniter\Database\Database->initDriver()
 2 SYSTEMPATH\Database\Config.php(82): CodeIgniter\Database\Database->load()
 3 SYSTEMPATH\Model.php(151): CodeIgniter\Database\Config::connect()
 4 VENDORPATH\codeigniter4\shield\src\Models\BaseModel.php(38): CodeIgniter\Model->__construct()
 5 VENDORPATH\codeigniter4\shield\src\Auth.php(167): CodeIgniter\Shield\Models\BaseModel->__construct()
 6 VENDORPATH\codeigniter4\shield\src\Auth.php(66): CodeIgniter\Shield\Auth->getProvider()
 7 VENDORPATH\codeigniter4\shield\src\Auth.php(184): CodeIgniter\Shield\Auth->ensureAuthentication()
 8 VENDORPATH\codeigniter4\shield\src\Controllers\RegisterController.php(58): CodeIgniter\Shield\Auth->__call()
 9 SYSTEMPATH\CodeIgniter.php(951): CodeIgniter\Shield\Controllers\RegisterController->registerView()
10 SYSTEMPATH\CodeIgniter.php(497): CodeIgniter\CodeIgniter->runController()
11 SYSTEMPATH\CodeIgniter.php(340): CodeIgniter\CodeIgniter->handleRequest()
12 SYSTEMPATH\Boot.php(417): CodeIgniter\CodeIgniter->run()
13 SYSTEMPATH\Boot.php(68): CodeIgniter\Boot::runCodeIgniter()
14 FCPATH\index.php(59): CodeIgniter\Boot::bootWeb()
15 SYSTEMPATH\rewrite.php(44): require_once('C:\\Users\\earls\\Documents\\GitHub\\MARISENSE\\src\\public\\index.php')
CRITICAL - 2026-03-06 04:19:04 --> Error: Undefined constant "CodeIgniter\Database\MySQLi\MYSQLI_STORE_RESULT"
[Method: POST, Route: registerAuth]
in SYSTEMPATH\Database\Database.php on line 147.
 1 SYSTEMPATH\Database\Database.php(61): CodeIgniter\Database\Database->initDriver()
 2 SYSTEMPATH\Database\Config.php(82): CodeIgniter\Database\Database->load()
 3 SYSTEMPATH\Model.php(151): CodeIgniter\Database\Config::connect()
 4 VENDORPATH\codeigniter4\shield\src\Models\BaseModel.php(38): CodeIgniter\Model->__construct()
 5 VENDORPATH\codeigniter4\shield\src\Auth.php(167): CodeIgniter\Shield\Models\BaseModel->__construct()
 6 APPPATH\Controllers\Auth.php(24): CodeIgniter\Shield\Auth->getProvider()
 7 SYSTEMPATH\CodeIgniter.php(951): App\Controllers\Auth->registerAuth()
 8 SYSTEMPATH\CodeIgniter.php(497): CodeIgniter\CodeIgniter->runController()
 9 SYSTEMPATH\CodeIgniter.php(340): CodeIgniter\CodeIgniter->handleRequest()
10 SYSTEMPATH\Boot.php(417): CodeIgniter\CodeIgniter->run()
11 SYSTEMPATH\Boot.php(68): CodeIgniter\Boot::runCodeIgniter()
12 FCPATH\index.php(59): CodeIgniter\Boot::bootWeb()
13 SYSTEMPATH\rewrite.php(44): require_once('C:\\Users\\earls\\Documents\\GitHub\\MARISENSE\\src\\public\\index.php')
CRITICAL - 2026-03-06 04:24:46 --> Error: Undefined constant "CodeIgniter\Database\MySQLi\MYSQLI_STORE_RESULT"
[Method: POST, Route: registerAuth]
in SYSTEMPATH\Database\Database.php on line 147.
 1 SYSTEMPATH\Database\Database.php(61): CodeIgniter\Database\Database->initDriver()
 2 SYSTEMPATH\Database\Config.php(82): CodeIgniter\Database\Database->load()
 3 SYSTEMPATH\Validation\Rules.php(210): CodeIgniter\Database\Config::connect()
 4 SYSTEMPATH\Validation\Rules.php(165): CodeIgniter\Validation\Rules->prepareUniqueQuery()
 5 SYSTEMPATH\Validation\StrictRules\Rules.php(187): CodeIgniter\Validation\Rules->is_unique()
 6 SYSTEMPATH\Validation\Validation.php(336): CodeIgniter\Validation\StrictRules\Rules->is_unique()
 7 SYSTEMPATH\Validation\Validation.php(201): CodeIgniter\Validation\Validation->processRules()
 8 SYSTEMPATH\Controller.php(136): CodeIgniter\Validation\Validation->run()
 9 APPPATH\Controllers\Auth.php(32): CodeIgniter\Controller->validate()
10 SYSTEMPATH\CodeIgniter.php(951): App\Controllers\Auth->registerAuth()
11 SYSTEMPATH\CodeIgniter.php(497): CodeIgniter\CodeIgniter->runController()
12 SYSTEMPATH\CodeIgniter.php(340): CodeIgniter\CodeIgniter->handleRequest()
13 SYSTEMPATH\Boot.php(417): CodeIgniter\CodeIgniter->run()
14 SYSTEMPATH\Boot.php(68): CodeIgniter\Boot::runCodeIgniter()
15 FCPATH\index.php(59): CodeIgniter\Boot::bootWeb()
16 SYSTEMPATH\rewrite.php(44): require_once('C:\\Users\\earls\\Documents\\GitHub\\MARISENSE\\src\\public\\index.php')
CRITICAL - 2026-03-06 04:28:39 --> Error: Undefined constant "CodeIgniter\Database\MySQLi\MYSQLI_STORE_RESULT"
[Method: POST, Route: registerAuth]
in SYSTEMPATH\Database\Database.php on line 147.
 1 SYSTEMPATH\Database\Database.php(61): CodeIgniter\Database\Database->initDriver()
 2 SYSTEMPATH\Database\Config.php(82): CodeIgniter\Database\Database->load()
 3 SYSTEMPATH\Validation\Rules.php(210): CodeIgniter\Database\Config::connect()
 4 SYSTEMPATH\Validation\Rules.php(165): CodeIgniter\Validation\Rules->prepareUniqueQuery()
 5 SYSTEMPATH\Validation\StrictRules\Rules.php(187): CodeIgniter\Validation\Rules->is_unique()
 6 SYSTEMPATH\Validation\Validation.php(336): CodeIgniter\Validation\StrictRules\Rules->is_unique()
 7 SYSTEMPATH\Validation\Validation.php(201): CodeIgniter\Validation\Validation->processRules()
 8 SYSTEMPATH\Controller.php(136): CodeIgniter\Validation\Validation->run()
 9 APPPATH\Controllers\Auth.php(32): CodeIgniter\Controller->validate()
10 SYSTEMPATH\CodeIgniter.php(951): App\Controllers\Auth->registerAuth()
11 SYSTEMPATH\CodeIgniter.php(497): CodeIgniter\CodeIgniter->runController()
12 SYSTEMPATH\CodeIgniter.php(340): CodeIgniter\CodeIgniter->handleRequest()
13 SYSTEMPATH\Boot.php(417): CodeIgniter\CodeIgniter->run()
14 SYSTEMPATH\Boot.php(68): CodeIgniter\Boot::runCodeIgniter()
15 FCPATH\index.php(59): CodeIgniter\Boot::bootWeb()
16 SYSTEMPATH\rewrite.php(44): require_once('C:\\Users\\earls\\Documents\\GitHub\\MARISENSE\\src\\public\\index.php')
CRITICAL - 2026-03-06 04:32:27 --> Error: Undefined constant "CodeIgniter\Database\MySQLi\MYSQLI_STORE_RESULT"
[Method: POST, Route: registerAuth]
in SYSTEMPATH\Database\Database.php on line 147.
 1 SYSTEMPATH\Database\Database.php(61): CodeIgniter\Database\Database->initDriver()
 2 SYSTEMPATH\Database\Config.php(82): CodeIgniter\Database\Database->load()
 3 SYSTEMPATH\Validation\Rules.php(210): CodeIgniter\Database\Config::connect()
 4 SYSTEMPATH\Validation\Rules.php(165): CodeIgniter\Validation\Rules->prepareUniqueQuery()
 5 SYSTEMPATH\Validation\StrictRules\Rules.php(187): CodeIgniter\Validation\Rules->is_unique()
 6 SYSTEMPATH\Validation\Validation.php(336): CodeIgniter\Validation\StrictRules\Rules->is_unique()
 7 SYSTEMPATH\Validation\Validation.php(201): CodeIgniter\Validation\Validation->processRules()
 8 SYSTEMPATH\Controller.php(136): CodeIgniter\Validation\Validation->run()
 9 APPPATH\Controllers\Auth.php(32): CodeIgniter\Controller->validate()
10 SYSTEMPATH\CodeIgniter.php(951): App\Controllers\Auth->registerAuth()
11 SYSTEMPATH\CodeIgniter.php(497): CodeIgniter\CodeIgniter->runController()
12 SYSTEMPATH\CodeIgniter.php(340): CodeIgniter\CodeIgniter->handleRequest()
13 SYSTEMPATH\Boot.php(417): CodeIgniter\CodeIgniter->run()
14 SYSTEMPATH\Boot.php(68): CodeIgniter\Boot::runCodeIgniter()
15 FCPATH\index.php(59): CodeIgniter\Boot::bootWeb()
16 SYSTEMPATH\rewrite.php(44): require_once('C:\\Users\\earls\\Documents\\GitHub\\MARISENSE\\src\\public\\index.php')
CRITICAL - 2026-03-06 04:32:38 --> Error: Undefined constant "CodeIgniter\Database\MySQLi\MYSQLI_STORE_RESULT"
[Method: POST, Route: registerAuth]
in SYSTEMPATH\Database\Database.php on line 147.
 1 SYSTEMPATH\Database\Database.php(61): CodeIgniter\Database\Database->initDriver()
 2 SYSTEMPATH\Database\Config.php(82): CodeIgniter\Database\Database->load()
 3 SYSTEMPATH\Validation\Rules.php(210): CodeIgniter\Database\Config::connect()
 4 SYSTEMPATH\Validation\Rules.php(165): CodeIgniter\Validation\Rules->prepareUniqueQuery()
 5 SYSTEMPATH\Validation\StrictRules\Rules.php(187): CodeIgniter\Validation\Rules->is_unique()
 6 SYSTEMPATH\Validation\Validation.php(336): CodeIgniter\Validation\StrictRules\Rules->is_unique()
 7 SYSTEMPATH\Validation\Validation.php(201): CodeIgniter\Validation\Validation->processRules()
 8 SYSTEMPATH\Controller.php(136): CodeIgniter\Validation\Validation->run()
 9 APPPATH\Controllers\Auth.php(32): CodeIgniter\Controller->validate()
10 SYSTEMPATH\CodeIgniter.php(951): App\Controllers\Auth->registerAuth()
11 SYSTEMPATH\CodeIgniter.php(497): CodeIgniter\CodeIgniter->runController()
12 SYSTEMPATH\CodeIgniter.php(340): CodeIgniter\CodeIgniter->handleRequest()
13 SYSTEMPATH\Boot.php(417): CodeIgniter\CodeIgniter->run()
14 SYSTEMPATH\Boot.php(68): CodeIgniter\Boot::runCodeIgniter()
15 FCPATH\index.php(59): CodeIgniter\Boot::bootWeb()
16 SYSTEMPATH\rewrite.php(44): require_once('C:\\Users\\earls\\Documents\\GitHub\\MARISENSE\\src\\public\\index.php')
CRITICAL - 2026-03-06 04:38:17 --> Error: Undefined constant "CodeIgniter\Database\MySQLi\MYSQLI_STORE_RESULT"
[Method: CLI, Route: migrate]
in SYSTEMPATH\Database\Database.php on line 147.
 1 SYSTEMPATH\Database\Database.php(61): CodeIgniter\Database\Database->initDriver()
 2 SYSTEMPATH\Database\Config.php(82): CodeIgniter\Database\Database->load()
 3 SYSTEMPATH\Common.php(391): CodeIgniter\Database\Config::connect()
 4 SYSTEMPATH\Database\MigrationRunner.php(156): db_connect()
 5 SYSTEMPATH\Config\Services.php(421): CodeIgniter\Database\MigrationRunner->__construct()
 6 SYSTEMPATH\Config\BaseService.php(325): CodeIgniter\Config\Services::migrations()
 7 SYSTEMPATH\Config\BaseService.php(264): CodeIgniter\Config\BaseService::__callStatic()
 8 SYSTEMPATH\Config\Services.php(416): CodeIgniter\Config\BaseService::getSharedInstance()
 9 SYSTEMPATH\Config\BaseService.php(334): CodeIgniter\Config\Services::migrations()
10 SYSTEMPATH\Config\BaseService.php(203): CodeIgniter\Config\BaseService::__callStatic()
11 SYSTEMPATH\Common.php(1078): CodeIgniter\Config\BaseService::get()
12 SYSTEMPATH\Commands\Database\Migrate.php(73): service()
13 SYSTEMPATH\CLI\Commands.php(74): CodeIgniter\Commands\Database\Migrate->run()
14 SYSTEMPATH\CLI\Console.php(47): CodeIgniter\CLI\Commands->run()
15 SYSTEMPATH\Boot.php(442): CodeIgniter\CLI\Console->run()
16 SYSTEMPATH\Boot.php(166): CodeIgniter\Boot::runCommand()
17 ROOTPATH\spark(87): CodeIgniter\Boot::bootSpark()
CRITICAL - 2026-03-06 04:39:35 --> Error: Undefined constant "CodeIgniter\Database\MySQLi\MYSQLI_STORE_RESULT"
[Method: POST, Route: registerAuth]
in SYSTEMPATH\Database\Database.php on line 147.
 1 SYSTEMPATH\Database\Database.php(61): CodeIgniter\Database\Database->initDriver()
 2 SYSTEMPATH\Database\Config.php(82): CodeIgniter\Database\Database->load()
 3 SYSTEMPATH\Validation\Rules.php(210): CodeIgniter\Database\Config::connect()
 4 SYSTEMPATH\Validation\Rules.php(165): CodeIgniter\Validation\Rules->prepareUniqueQuery()
 5 SYSTEMPATH\Validation\StrictRules\Rules.php(187): CodeIgniter\Validation\Rules->is_unique()
 6 SYSTEMPATH\Validation\Validation.php(336): CodeIgniter\Validation\StrictRules\Rules->is_unique()
 7 SYSTEMPATH\Validation\Validation.php(201): CodeIgniter\Validation\Validation->processRules()
 8 SYSTEMPATH\Controller.php(136): CodeIgniter\Validation\Validation->run()
 9 APPPATH\Controllers\Auth.php(32): CodeIgniter\Controller->validate()
10 SYSTEMPATH\CodeIgniter.php(951): App\Controllers\Auth->registerAuth()
11 SYSTEMPATH\CodeIgniter.php(497): CodeIgniter\CodeIgniter->runController()
12 SYSTEMPATH\CodeIgniter.php(340): CodeIgniter\CodeIgniter->handleRequest()
13 SYSTEMPATH\Boot.php(417): CodeIgniter\CodeIgniter->run()
14 SYSTEMPATH\Boot.php(68): CodeIgniter\Boot::runCodeIgniter()
15 FCPATH\index.php(59): CodeIgniter\Boot::bootWeb()
16 SYSTEMPATH\rewrite.php(44): require_once('C:\\Users\\earls\\Documents\\GitHub\\MARISENSE\\src\\public\\index.php')
CRITICAL - 2026-03-06 04:41:41 --> Error: Undefined constant "CodeIgniter\Database\MySQLi\MYSQLI_STORE_RESULT"
[Method: CLI, Route: migrate]
in SYSTEMPATH\Database\Database.php on line 147.
 1 SYSTEMPATH\Database\Database.php(61): CodeIgniter\Database\Database->initDriver()
 2 SYSTEMPATH\Database\Config.php(82): CodeIgniter\Database\Database->load()
 3 SYSTEMPATH\Common.php(391): CodeIgniter\Database\Config::connect()
 4 SYSTEMPATH\Database\MigrationRunner.php(156): db_connect()
 5 SYSTEMPATH\Config\Services.php(421): CodeIgniter\Database\MigrationRunner->__construct()
 6 SYSTEMPATH\Config\BaseService.php(325): CodeIgniter\Config\Services::migrations()
 7 SYSTEMPATH\Config\BaseService.php(264): CodeIgniter\Config\BaseService::__callStatic()
 8 SYSTEMPATH\Config\Services.php(416): CodeIgniter\Config\BaseService::getSharedInstance()
 9 SYSTEMPATH\Config\BaseService.php(334): CodeIgniter\Config\Services::migrations()
10 SYSTEMPATH\Config\BaseService.php(203): CodeIgniter\Config\BaseService::__callStatic()
11 SYSTEMPATH\Common.php(1078): CodeIgniter\Config\BaseService::get()
12 SYSTEMPATH\Commands\Database\Migrate.php(73): service()
13 SYSTEMPATH\CLI\Commands.php(74): CodeIgniter\Commands\Database\Migrate->run()
14 SYSTEMPATH\CLI\Console.php(47): CodeIgniter\CLI\Commands->run()
15 SYSTEMPATH\Boot.php(442): CodeIgniter\CLI\Console->run()
16 SYSTEMPATH\Boot.php(166): CodeIgniter\Boot::runCommand()
17 ROOTPATH\spark(87): CodeIgniter\Boot::bootSpark()
CRITICAL - 2026-03-06 07:13:56 --> Error: Undefined constant "CodeIgniter\Database\MySQLi\MYSQLI_STORE_RESULT"
[Method: POST, Route: registerAuth]
in SYSTEMPATH\Database\Database.php on line 147.
 1 SYSTEMPATH\Database\Database.php(61): CodeIgniter\Database\Database->initDriver()
 2 SYSTEMPATH\Database\Config.php(82): CodeIgniter\Database\Database->load()
 3 SYSTEMPATH\Validation\Rules.php(210): CodeIgniter\Database\Config::connect()
 4 SYSTEMPATH\Validation\Rules.php(165): CodeIgniter\Validation\Rules->prepareUniqueQuery()
 5 SYSTEMPATH\Validation\StrictRules\Rules.php(187): CodeIgniter\Validation\Rules->is_unique()
 6 SYSTEMPATH\Validation\Validation.php(336): CodeIgniter\Validation\StrictRules\Rules->is_unique()
 7 SYSTEMPATH\Validation\Validation.php(201): CodeIgniter\Validation\Validation->processRules()
 8 SYSTEMPATH\Controller.php(136): CodeIgniter\Validation\Validation->run()
 9 APPPATH\Controllers\Auth.php(32): CodeIgniter\Controller->validate()
10 SYSTEMPATH\CodeIgniter.php(951): App\Controllers\Auth->registerAuth()
11 SYSTEMPATH\CodeIgniter.php(497): CodeIgniter\CodeIgniter->runController()
12 SYSTEMPATH\CodeIgniter.php(340): CodeIgniter\CodeIgniter->handleRequest()
13 SYSTEMPATH\Boot.php(417): CodeIgniter\CodeIgniter->run()
14 SYSTEMPATH\Boot.php(68): CodeIgniter\Boot::runCodeIgniter()
15 FCPATH\index.php(59): CodeIgniter\Boot::bootWeb()
16 SYSTEMPATH\rewrite.php(44): require_once('C:\\Users\\earls\\Documents\\GitHub\\MARISENSE\\src\\public\\index.php')
