CRITICAL - 2026-03-05 13:23:00 --> Error: Undefined constant "CodeIgniter\Database\MySQLi\MYSQLI_STORE_RESULT"
[Method: GET, Route: register]
in SYSTEMPATH\Database\Database.php on line 147.
 1 SYSTEMPATH\Database\Database.php(61): CodeIgniter\Database\Database->initDriver()
 2 SYSTEMPATH\Database\Config.php(82): CodeIgniter\Database\Database->load()
 3 SYSTEMPATH\Model.php(151): CodeIgniter\Database\Config::connect()
 4 VENDORPATH\codeigniter4\shield\src\Models\BaseModel.php(38): CodeIgniter\Model->__construct()
 5 VENDORPATH\codeigniter4\shield\src\Auth.php(167): CodeIgniter\Shield\Models\BaseModel->__construct()
 6 VENDORPATH\codeigniter4\shield\src\Auth.php(66): CodeIgniter\Shield\Auth->getProvider()
 7 VENDORPATH\codeigniter4\shield\src\Auth.php(184): CodeIgniter\Shield\Auth->ensureAuthentication()
 8 VENDORPATH\codeigniter4\shield\src\Controllers\RegisterController.php(58): CodeIgniter\Shield\Auth->__call()
 9 SYSTEMPATH\CodeIgniter.php(951): CodeIgniter\Shield\Controllers\RegisterController->registerView()
10 SYSTEMPATH\CodeIgniter.php(497): CodeIgniter\CodeIgniter->runController()
11 SYSTEMPATH\CodeIgniter.php(340): CodeIgniter\CodeIgniter->handleRequest()
12 SYSTEMPATH\Boot.php(417): CodeIgniter\CodeIgniter->run()
13 SYSTEMPATH\Boot.php(68): CodeIgniter\Boot::runCodeIgniter()
14 FCPATH\index.php(59): CodeIgniter\Boot::bootWeb()
15 SYSTEMPATH\rewrite.php(44): require_once('C:\\Users\\earls\\Documents\\GitHub\\MARISENSE\\src\\public\\index.php')
CRITICAL - 2026-03-05 13:50:12 --> Error: Undefined constant "CodeIgniter\Database\MySQLi\MYSQLI_STORE_RESULT"
[Method: GET, Route: /]
in SYSTEMPATH\Database\Database.php on line 147.
 1 SYSTEMPATH\Database\Database.php(61): CodeIgniter\Database\Database->initDriver()
 2 SYSTEMPATH\Database\Config.php(82): CodeIgniter\Database\Database->load()
 3 SYSTEMPATH\Model.php(151): CodeIgniter\Database\Config::connect()
 4 VENDORPATH\codeigniter4\shield\src\Models\BaseModel.php(38): CodeIgniter\Model->__construct()
 5 VENDORPATH\codeigniter4\shield\src\Auth.php(167): CodeIgniter\Shield\Models\BaseModel->__construct()
 6 VENDORPATH\codeigniter4\shield\src\Auth.php(66): CodeIgniter\Shield\Auth->getProvider()
 7 VENDORPATH\codeigniter4\shield\src\Auth.php(90): CodeIgniter\Shield\Auth->ensureAuthentication()
 8 VENDORPATH\codeigniter4\shield\src\Collectors\Auth.php(68): CodeIgniter\Shield\Auth->getAuthenticator()
 9 SYSTEMPATH\Debug\Toolbar\Collectors\BaseCollector.php(227): CodeIgniter\Shield\Collectors\Auth->getTitleDetails()
10 SYSTEMPATH\Debug\Toolbar.php(95): CodeIgniter\Debug\Toolbar\Collectors\BaseCollector->getAsArray()
11 SYSTEMPATH\Debug\Toolbar.php(392): CodeIgniter\Debug\Toolbar->run()
12 SYSTEMPATH\Filters\DebugToolbar.php(44): CodeIgniter\Debug\Toolbar->prepare()
13 SYSTEMPATH\Filters\Filters.php(278): CodeIgniter\Filters\DebugToolbar->after()
14 SYSTEMPATH\Filters\Filters.php(364): CodeIgniter\Filters\Filters->runAfter()
15 SYSTEMPATH\CodeIgniter.php(393): CodeIgniter\Filters\Filters->runRequired()
16 SYSTEMPATH\CodeIgniter.php(354): CodeIgniter\CodeIgniter->runRequiredAfterFilters()
17 SYSTEMPATH\Boot.php(417): CodeIgniter\CodeIgniter->run()
18 SYSTEMPATH\Boot.php(68): CodeIgniter\Boot::runCodeIgniter()
19 FCPATH\index.php(59): CodeIgniter\Boot::bootWeb()
20 SYSTEMPATH\rewrite.php(44): require_once('C:\\Users\\earls\\Documents\\GitHub\\MARISENSE\\src\\public\\index.php')
CRITICAL - 2026-03-05 13:51:26 --> Error: Undefined constant "CodeIgniter\Database\MySQLi\MYSQLI_STORE_RESULT"
[Method: GET, Route: /]
in SYSTEMPATH\Database\Database.php on line 147.
 1 SYSTEMPATH\Database\Database.php(61): CodeIgniter\Database\Database->initDriver()
 2 SYSTEMPATH\Database\Config.php(82): CodeIgniter\Database\Database->load()
 3 SYSTEMPATH\Model.php(151): CodeIgniter\Database\Config::connect()
 4 VENDORPATH\codeigniter4\shield\src\Models\BaseModel.php(38): CodeIgniter\Model->__construct()
 5 VENDORPATH\codeigniter4\shield\src\Auth.php(167): CodeIgniter\Shield\Models\BaseModel->__construct()
 6 VENDORPATH\codeigniter4\shield\src\Auth.php(66): CodeIgniter\Shield\Auth->getProvider()
 7 VENDORPATH\codeigniter4\shield\src\Auth.php(90): CodeIgniter\Shield\Auth->ensureAuthentication()
 8 VENDORPATH\codeigniter4\shield\src\Collectors\Auth.php(68): CodeIgniter\Shield\Auth->getAuthenticator()
 9 SYSTEMPATH\Debug\Toolbar\Collectors\BaseCollector.php(227): CodeIgniter\Shield\Collectors\Auth->getTitleDetails()
10 SYSTEMPATH\Debug\Toolbar.php(95): CodeIgniter\Debug\Toolbar\Collectors\BaseCollector->getAsArray()
11 SYSTEMPATH\Debug\Toolbar.php(392): CodeIgniter\Debug\Toolbar->run()
12 SYSTEMPATH\Filters\DebugToolbar.php(44): CodeIgniter\Debug\Toolbar->prepare()
13 SYSTEMPATH\Filters\Filters.php(278): CodeIgniter\Filters\DebugToolbar->after()
14 SYSTEMPATH\Filters\Filters.php(364): CodeIgniter\Filters\Filters->runAfter()
15 SYSTEMPATH\CodeIgniter.php(393): CodeIgniter\Filters\Filters->runRequired()
16 SYSTEMPATH\CodeIgniter.php(354): CodeIgniter\CodeIgniter->runRequiredAfterFilters()
17 SYSTEMPATH\Boot.php(417): CodeIgniter\CodeIgniter->run()
18 SYSTEMPATH\Boot.php(68): CodeIgniter\Boot::runCodeIgniter()
19 FCPATH\index.php(59): CodeIgniter\Boot::bootWeb()
20 SYSTEMPATH\rewrite.php(44): require_once('C:\\Users\\earls\\Documents\\GitHub\\MARISENSE\\src\\public\\index.php')
CRITICAL - 2026-03-05 13:53:37 --> Error: Undefined constant "CodeIgniter\Database\MySQLi\MYSQLI_STORE_RESULT"
[Method: GET, Route: /]
in SYSTEMPATH\Database\Database.php on line 147.
 1 SYSTEMPATH\Database\Database.php(61): CodeIgniter\Database\Database->initDriver()
 2 SYSTEMPATH\Database\Config.php(82): CodeIgniter\Database\Database->load()
 3 SYSTEMPATH\Model.php(151): CodeIgniter\Database\Config::connect()
 4 VENDORPATH\codeigniter4\shield\src\Models\BaseModel.php(38): CodeIgniter\Model->__construct()
 5 VENDORPATH\codeigniter4\shield\src\Auth.php(167): CodeIgniter\Shield\Models\BaseModel->__construct()
 6 VENDORPATH\codeigniter4\shield\src\Auth.php(66): CodeIgniter\Shield\Auth->getProvider()
 7 VENDORPATH\codeigniter4\shield\src\Auth.php(90): CodeIgniter\Shield\Auth->ensureAuthentication()
 8 VENDORPATH\codeigniter4\shield\src\Collectors\Auth.php(68): CodeIgniter\Shield\Auth->getAuthenticator()
 9 SYSTEMPATH\Debug\Toolbar\Collectors\BaseCollector.php(227): CodeIgniter\Shield\Collectors\Auth->getTitleDetails()
10 SYSTEMPATH\Debug\Toolbar.php(95): CodeIgniter\Debug\Toolbar\Collectors\BaseCollector->getAsArray()
11 SYSTEMPATH\Debug\Toolbar.php(392): CodeIgniter\Debug\Toolbar->run()
12 SYSTEMPATH\Filters\DebugToolbar.php(44): CodeIgniter\Debug\Toolbar->prepare()
13 SYSTEMPATH\Filters\Filters.php(278): CodeIgniter\Filters\DebugToolbar->after()
14 SYSTEMPATH\Filters\Filters.php(364): CodeIgniter\Filters\Filters->runAfter()
15 SYSTEMPATH\CodeIgniter.php(393): CodeIgniter\Filters\Filters->runRequired()
16 SYSTEMPATH\CodeIgniter.php(354): CodeIgniter\CodeIgniter->runRequiredAfterFilters()
17 SYSTEMPATH\Boot.php(417): CodeIgniter\CodeIgniter->run()
18 SYSTEMPATH\Boot.php(68): CodeIgniter\Boot::runCodeIgniter()
19 FCPATH\index.php(59): CodeIgniter\Boot::bootWeb()
20 SYSTEMPATH\rewrite.php(44): require_once('C:\\Users\\earls\\Documents\\GitHub\\MARISENSE\\src\\public\\index.php')
CRITICAL - 2026-03-05 13:54:32 --> Error: Undefined constant "CodeIgniter\Database\MySQLi\MYSQLI_STORE_RESULT"
[Method: GET, Route: /]
in SYSTEMPATH\Database\Database.php on line 147.
 1 SYSTEMPATH\Database\Database.php(61): CodeIgniter\Database\Database->initDriver()
 2 SYSTEMPATH\Database\Config.php(82): CodeIgniter\Database\Database->load()
 3 SYSTEMPATH\Model.php(151): CodeIgniter\Database\Config::connect()
 4 VENDORPATH\codeigniter4\shield\src\Models\BaseModel.php(38): CodeIgniter\Model->__construct()
 5 VENDORPATH\codeigniter4\shield\src\Auth.php(167): CodeIgniter\Shield\Models\BaseModel->__construct()
 6 VENDORPATH\codeigniter4\shield\src\Auth.php(66): CodeIgniter\Shield\Auth->getProvider()
 7 VENDORPATH\codeigniter4\shield\src\Auth.php(90): CodeIgniter\Shield\Auth->ensureAuthentication()
 8 VENDORPATH\codeigniter4\shield\src\Collectors\Auth.php(68): CodeIgniter\Shield\Auth->getAuthenticator()
 9 SYSTEMPATH\Debug\Toolbar\Collectors\BaseCollector.php(227): CodeIgniter\Shield\Collectors\Auth->getTitleDetails()
10 SYSTEMPATH\Debug\Toolbar.php(95): CodeIgniter\Debug\Toolbar\Collectors\BaseCollector->getAsArray()
11 SYSTEMPATH\Debug\Toolbar.php(392): CodeIgniter\Debug\Toolbar->run()
12 SYSTEMPATH\Filters\DebugToolbar.php(44): CodeIgniter\Debug\Toolbar->prepare()
13 SYSTEMPATH\Filters\Filters.php(278): CodeIgniter\Filters\DebugToolbar->after()
14 SYSTEMPATH\Filters\Filters.php(364): CodeIgniter\Filters\Filters->runAfter()
15 SYSTEMPATH\CodeIgniter.php(393): CodeIgniter\Filters\Filters->runRequired()
16 SYSTEMPATH\CodeIgniter.php(354): CodeIgniter\CodeIgniter->runRequiredAfterFilters()
17 SYSTEMPATH\Boot.php(417): CodeIgniter\CodeIgniter->run()
18 SYSTEMPATH\Boot.php(68): CodeIgniter\Boot::runCodeIgniter()
19 FCPATH\index.php(59): CodeIgniter\Boot::bootWeb()
20 SYSTEMPATH\rewrite.php(44): require_once('C:\\Users\\earls\\Documents\\GitHub\\MARISENSE\\src\\public\\index.php')
CRITICAL - 2026-03-05 13:54:53 --> Error: Undefined constant "CodeIgniter\Database\MySQLi\MYSQLI_STORE_RESULT"
[Method: GET, Route: /]
in SYSTEMPATH\Database\Database.php on line 147.
 1 SYSTEMPATH\Database\Database.php(61): CodeIgniter\Database\Database->initDriver()
 2 SYSTEMPATH\Database\Config.php(82): CodeIgniter\Database\Database->load()
 3 SYSTEMPATH\Model.php(151): CodeIgniter\Database\Config::connect()
 4 VENDORPATH\codeigniter4\shield\src\Models\BaseModel.php(38): CodeIgniter\Model->__construct()
 5 VENDORPATH\codeigniter4\shield\src\Auth.php(167): CodeIgniter\Shield\Models\BaseModel->__construct()
 6 VENDORPATH\codeigniter4\shield\src\Auth.php(66): CodeIgniter\Shield\Auth->getProvider()
 7 VENDORPATH\codeigniter4\shield\src\Auth.php(90): CodeIgniter\Shield\Auth->ensureAuthentication()
 8 VENDORPATH\codeigniter4\shield\src\Collectors\Auth.php(68): CodeIgniter\Shield\Auth->getAuthenticator()
 9 SYSTEMPATH\Debug\Toolbar\Collectors\BaseCollector.php(227): CodeIgniter\Shield\Collectors\Auth->getTitleDetails()
10 SYSTEMPATH\Debug\Toolbar.php(95): CodeIgniter\Debug\Toolbar\Collectors\BaseCollector->getAsArray()
11 SYSTEMPATH\Debug\Toolbar.php(392): CodeIgniter\Debug\Toolbar->run()
12 SYSTEMPATH\Filters\DebugToolbar.php(44): CodeIgniter\Debug\Toolbar->prepare()
13 SYSTEMPATH\Filters\Filters.php(278): CodeIgniter\Filters\DebugToolbar->after()
14 SYSTEMPATH\Filters\Filters.php(364): CodeIgniter\Filters\Filters->runAfter()
15 SYSTEMPATH\CodeIgniter.php(393): CodeIgniter\Filters\Filters->runRequired()
16 SYSTEMPATH\CodeIgniter.php(354): CodeIgniter\CodeIgniter->runRequiredAfterFilters()
17 SYSTEMPATH\Boot.php(417): CodeIgniter\CodeIgniter->run()
18 SYSTEMPATH\Boot.php(68): CodeIgniter\Boot::runCodeIgniter()
19 FCPATH\index.php(59): CodeIgniter\Boot::bootWeb()
20 SYSTEMPATH\rewrite.php(44): require_once('C:\\Users\\earls\\Documents\\GitHub\\MARISENSE\\src\\public\\index.php')
CRITICAL - 2026-03-05 13:54:54 --> Error: Undefined constant "CodeIgniter\Database\MySQLi\MYSQLI_STORE_RESULT"
[Method: GET, Route: /]
in SYSTEMPATH\Database\Database.php on line 147.
 1 SYSTEMPATH\Database\Database.php(61): CodeIgniter\Database\Database->initDriver()
 2 SYSTEMPATH\Database\Config.php(82): CodeIgniter\Database\Database->load()
 3 SYSTEMPATH\Model.php(151): CodeIgniter\Database\Config::connect()
 4 VENDORPATH\codeigniter4\shield\src\Models\BaseModel.php(38): CodeIgniter\Model->__construct()
 5 VENDORPATH\codeigniter4\shield\src\Auth.php(167): CodeIgniter\Shield\Models\BaseModel->__construct()
 6 VENDORPATH\codeigniter4\shield\src\Auth.php(66): CodeIgniter\Shield\Auth->getProvider()
 7 VENDORPATH\codeigniter4\shield\src\Auth.php(90): CodeIgniter\Shield\Auth->ensureAuthentication()
 8 VENDORPATH\codeigniter4\shield\src\Collectors\Auth.php(68): CodeIgniter\Shield\Auth->getAuthenticator()
 9 SYSTEMPATH\Debug\Toolbar\Collectors\BaseCollector.php(227): CodeIgniter\Shield\Collectors\Auth->getTitleDetails()
10 SYSTEMPATH\Debug\Toolbar.php(95): CodeIgniter\Debug\Toolbar\Collectors\BaseCollector->getAsArray()
11 SYSTEMPATH\Debug\Toolbar.php(392): CodeIgniter\Debug\Toolbar->run()
12 SYSTEMPATH\Filters\DebugToolbar.php(44): CodeIgniter\Debug\Toolbar->prepare()
13 SYSTEMPATH\Filters\Filters.php(278): CodeIgniter\Filters\DebugToolbar->after()
14 SYSTEMPATH\Filters\Filters.php(364): CodeIgniter\Filters\Filters->runAfter()
15 SYSTEMPATH\CodeIgniter.php(393): CodeIgniter\Filters\Filters->runRequired()
16 SYSTEMPATH\CodeIgniter.php(354): CodeIgniter\CodeIgniter->runRequiredAfterFilters()
17 SYSTEMPATH\Boot.php(417): CodeIgniter\CodeIgniter->run()
18 SYSTEMPATH\Boot.php(68): CodeIgniter\Boot::runCodeIgniter()
19 FCPATH\index.php(59): CodeIgniter\Boot::bootWeb()
20 SYSTEMPATH\rewrite.php(44): require_once('C:\\Users\\earls\\Documents\\GitHub\\MARISENSE\\src\\public\\index.php')
CRITICAL - 2026-03-05 14:00:53 --> Error: Undefined constant "CodeIgniter\Database\MySQLi\MYSQLI_STORE_RESULT"
[Method: GET, Route: register]
in SYSTEMPATH\Database\Database.php on line 147.
 1 SYSTEMPATH\Database\Database.php(61): CodeIgniter\Database\Database->initDriver()
 2 SYSTEMPATH\Database\Config.php(82): CodeIgniter\Database\Database->load()
 3 SYSTEMPATH\Model.php(151): CodeIgniter\Database\Config::connect()
 4 VENDORPATH\codeigniter4\shield\src\Models\BaseModel.php(38): CodeIgniter\Model->__construct()
 5 VENDORPATH\codeigniter4\shield\src\Auth.php(167): CodeIgniter\Shield\Models\BaseModel->__construct()
 6 VENDORPATH\codeigniter4\shield\src\Auth.php(66): CodeIgniter\Shield\Auth->getProvider()
 7 VENDORPATH\codeigniter4\shield\src\Auth.php(184): CodeIgniter\Shield\Auth->ensureAuthentication()
 8 VENDORPATH\codeigniter4\shield\src\Controllers\RegisterController.php(58): CodeIgniter\Shield\Auth->__call()
 9 SYSTEMPATH\CodeIgniter.php(951): CodeIgniter\Shield\Controllers\RegisterController->registerView()
10 SYSTEMPATH\CodeIgniter.php(497): CodeIgniter\CodeIgniter->runController()
11 SYSTEMPATH\CodeIgniter.php(340): CodeIgniter\CodeIgniter->handleRequest()
12 SYSTEMPATH\Boot.php(417): CodeIgniter\CodeIgniter->run()
13 SYSTEMPATH\Boot.php(68): CodeIgniter\Boot::runCodeIgniter()
14 FCPATH\index.php(59): CodeIgniter\Boot::bootWeb()
15 SYSTEMPATH\rewrite.php(44): require_once('C:\\Users\\earls\\Documents\\GitHub\\MARISENSE\\src\\public\\index.php')
CRITICAL - 2026-03-05 14:12:44 --> Error: Undefined constant "CodeIgniter\Database\MySQLi\MYSQLI_STORE_RESULT"
[Method: GET, Route: login/magic-link]
in SYSTEMPATH\Database\Database.php on line 147.
 1 SYSTEMPATH\Database\Database.php(61): CodeIgniter\Database\Database->initDriver()
 2 SYSTEMPATH\Database\Config.php(82): CodeIgniter\Database\Database->load()
 3 SYSTEMPATH\Common.php(391): CodeIgniter\Database\Config::connect()
 4 VENDORPATH\codeigniter4\settings\src\Handlers\DatabaseHandler.php(42): db_connect()
 5 VENDORPATH\codeigniter4\settings\src\Settings.php(43): CodeIgniter\Settings\Handlers\DatabaseHandler->__construct()
 6 VENDORPATH\codeigniter4\settings\src\Config\Services.php(33): CodeIgniter\Settings\Settings->__construct()
 7 SYSTEMPATH\Config\BaseService.php(325): CodeIgniter\Settings\Config\Services::settings()
 8 SYSTEMPATH\Config\BaseService.php(264): CodeIgniter\Config\BaseService::__callStatic()
 9 VENDORPATH\codeigniter4\settings\src\Config\Services.php(30): CodeIgniter\Config\BaseService::getSharedInstance()
10 SYSTEMPATH\Config\BaseService.php(334): CodeIgniter\Settings\Config\Services::settings()
11 SYSTEMPATH\Config\BaseService.php(203): CodeIgniter\Config\BaseService::__callStatic()
12 SYSTEMPATH\Common.php(1078): CodeIgniter\Config\BaseService::get()
13 VENDORPATH\codeigniter4\settings\src\Helpers\setting_helper.php(17): service()
14 VENDORPATH\codeigniter4\shield\src\Controllers\MagicLinkController.php(47): setting()
15 SYSTEMPATH\CodeIgniter.php(921): CodeIgniter\Shield\Controllers\MagicLinkController->__construct()
16 SYSTEMPATH\CodeIgniter.php(488): CodeIgniter\CodeIgniter->createController()
17 SYSTEMPATH\CodeIgniter.php(340): CodeIgniter\CodeIgniter->handleRequest()
18 SYSTEMPATH\Boot.php(417): CodeIgniter\CodeIgniter->run()
19 SYSTEMPATH\Boot.php(68): CodeIgniter\Boot::runCodeIgniter()
20 FCPATH\index.php(59): CodeIgniter\Boot::bootWeb()
21 SYSTEMPATH\rewrite.php(44): require_once('C:\\Users\\earls\\Documents\\GitHub\\MARISENSE\\src\\public\\index.php')
CRITICAL - 2026-03-05 14:14:48 --> Error: Undefined constant "CodeIgniter\Database\MySQLi\MYSQLI_STORE_RESULT"
[Method: GET, Route: register]
in SYSTEMPATH\Database\Database.php on line 147.
 1 SYSTEMPATH\Database\Database.php(61): CodeIgniter\Database\Database->initDriver()
 2 SYSTEMPATH\Database\Config.php(82): CodeIgniter\Database\Database->load()
 3 SYSTEMPATH\Model.php(151): CodeIgniter\Database\Config::connect()
 4 VENDORPATH\codeigniter4\shield\src\Models\BaseModel.php(38): CodeIgniter\Model->__construct()
 5 VENDORPATH\codeigniter4\shield\src\Auth.php(167): CodeIgniter\Shield\Models\BaseModel->__construct()
 6 VENDORPATH\codeigniter4\shield\src\Auth.php(66): CodeIgniter\Shield\Auth->getProvider()
 7 VENDORPATH\codeigniter4\shield\src\Auth.php(184): CodeIgniter\Shield\Auth->ensureAuthentication()
 8 VENDORPATH\codeigniter4\shield\src\Controllers\RegisterController.php(58): CodeIgniter\Shield\Auth->__call()
 9 SYSTEMPATH\CodeIgniter.php(951): CodeIgniter\Shield\Controllers\RegisterController->registerView()
10 SYSTEMPATH\CodeIgniter.php(497): CodeIgniter\CodeIgniter->runController()
11 SYSTEMPATH\CodeIgniter.php(340): CodeIgniter\CodeIgniter->handleRequest()
12 SYSTEMPATH\Boot.php(417): CodeIgniter\CodeIgniter->run()
13 SYSTEMPATH\Boot.php(68): CodeIgniter\Boot::runCodeIgniter()
14 FCPATH\index.php(59): CodeIgniter\Boot::bootWeb()
15 SYSTEMPATH\rewrite.php(44): require_once('C:\\Users\\earls\\Documents\\GitHub\\MARISENSE\\src\\public\\index.php')
CRITICAL - 2026-03-05 14:25:34 --> Error: Undefined constant "CodeIgniter\Database\MySQLi\MYSQLI_STORE_RESULT"
[Method: GET, Route: /]
in SYSTEMPATH\Database\Database.php on line 147.
 1 SYSTEMPATH\Database\Database.php(61): CodeIgniter\Database\Database->initDriver()
 2 SYSTEMPATH\Database\Config.php(82): CodeIgniter\Database\Database->load()
 3 SYSTEMPATH\Model.php(151): CodeIgniter\Database\Config::connect()
 4 VENDORPATH\codeigniter4\shield\src\Models\BaseModel.php(38): CodeIgniter\Model->__construct()
 5 VENDORPATH\codeigniter4\shield\src\Auth.php(167): CodeIgniter\Shield\Models\BaseModel->__construct()
 6 VENDORPATH\codeigniter4\shield\src\Auth.php(66): CodeIgniter\Shield\Auth->getProvider()
 7 VENDORPATH\codeigniter4\shield\src\Auth.php(90): CodeIgniter\Shield\Auth->ensureAuthentication()
 8 VENDORPATH\codeigniter4\shield\src\Collectors\Auth.php(68): CodeIgniter\Shield\Auth->getAuthenticator()
 9 SYSTEMPATH\Debug\Toolbar\Collectors\BaseCollector.php(227): CodeIgniter\Shield\Collectors\Auth->getTitleDetails()
10 SYSTEMPATH\Debug\Toolbar.php(95): CodeIgniter\Debug\Toolbar\Collectors\BaseCollector->getAsArray()
11 SYSTEMPATH\Debug\Toolbar.php(392): CodeIgniter\Debug\Toolbar->run()
12 SYSTEMPATH\Filters\DebugToolbar.php(44): CodeIgniter\Debug\Toolbar->prepare()
13 SYSTEMPATH\Filters\Filters.php(278): CodeIgniter\Filters\DebugToolbar->after()
14 SYSTEMPATH\Filters\Filters.php(364): CodeIgniter\Filters\Filters->runAfter()
15 SYSTEMPATH\CodeIgniter.php(393): CodeIgniter\Filters\Filters->runRequired()
16 SYSTEMPATH\CodeIgniter.php(354): CodeIgniter\CodeIgniter->runRequiredAfterFilters()
17 SYSTEMPATH\Boot.php(417): CodeIgniter\CodeIgniter->run()
18 SYSTEMPATH\Boot.php(68): CodeIgniter\Boot::runCodeIgniter()
19 FCPATH\index.php(59): CodeIgniter\Boot::bootWeb()
20 SYSTEMPATH\rewrite.php(44): require_once('C:\\Users\\earls\\Documents\\GitHub\\MARISENSE\\src\\public\\index.php')
CRITICAL - 2026-03-05 14:30:34 --> Error: Undefined constant "CodeIgniter\Database\MySQLi\MYSQLI_STORE_RESULT"
[Method: GET, Route: /]
in SYSTEMPATH\Database\Database.php on line 147.
 1 SYSTEMPATH\Database\Database.php(61): CodeIgniter\Database\Database->initDriver()
 2 SYSTEMPATH\Database\Config.php(82): CodeIgniter\Database\Database->load()
 3 SYSTEMPATH\Model.php(151): CodeIgniter\Database\Config::connect()
 4 VENDORPATH\codeigniter4\shield\src\Models\BaseModel.php(38): CodeIgniter\Model->__construct()
 5 VENDORPATH\codeigniter4\shield\src\Auth.php(167): CodeIgniter\Shield\Models\BaseModel->__construct()
 6 VENDORPATH\codeigniter4\shield\src\Auth.php(66): CodeIgniter\Shield\Auth->getProvider()
 7 VENDORPATH\codeigniter4\shield\src\Auth.php(90): CodeIgniter\Shield\Auth->ensureAuthentication()
 8 VENDORPATH\codeigniter4\shield\src\Collectors\Auth.php(68): CodeIgniter\Shield\Auth->getAuthenticator()
 9 SYSTEMPATH\Debug\Toolbar\Collectors\BaseCollector.php(227): CodeIgniter\Shield\Collectors\Auth->getTitleDetails()
10 SYSTEMPATH\Debug\Toolbar.php(95): CodeIgniter\Debug\Toolbar\Collectors\BaseCollector->getAsArray()
11 SYSTEMPATH\Debug\Toolbar.php(392): CodeIgniter\Debug\Toolbar->run()
12 SYSTEMPATH\Filters\DebugToolbar.php(44): CodeIgniter\Debug\Toolbar->prepare()
13 SYSTEMPATH\Filters\Filters.php(278): CodeIgniter\Filters\DebugToolbar->after()
14 SYSTEMPATH\Filters\Filters.php(364): CodeIgniter\Filters\Filters->runAfter()
15 SYSTEMPATH\CodeIgniter.php(393): CodeIgniter\Filters\Filters->runRequired()
16 SYSTEMPATH\CodeIgniter.php(354): CodeIgniter\CodeIgniter->runRequiredAfterFilters()
17 SYSTEMPATH\Boot.php(417): CodeIgniter\CodeIgniter->run()
18 SYSTEMPATH\Boot.php(68): CodeIgniter\Boot::runCodeIgniter()
19 FCPATH\index.php(59): CodeIgniter\Boot::bootWeb()
20 SYSTEMPATH\rewrite.php(44): require_once('C:\\Users\\earls\\Documents\\GitHub\\MARISENSE\\src\\public\\index.php')
CRITICAL - 2026-03-05 14:31:29 --> Error: Undefined constant "CodeIgniter\Database\MySQLi\MYSQLI_STORE_RESULT"
[Method: GET, Route: /]
in SYSTEMPATH\Database\Database.php on line 147.
 1 SYSTEMPATH\Database\Database.php(61): CodeIgniter\Database\Database->initDriver()
 2 SYSTEMPATH\Database\Config.php(82): CodeIgniter\Database\Database->load()
 3 SYSTEMPATH\Model.php(151): CodeIgniter\Database\Config::connect()
 4 VENDORPATH\codeigniter4\shield\src\Models\BaseModel.php(38): CodeIgniter\Model->__construct()
 5 VENDORPATH\codeigniter4\shield\src\Auth.php(167): CodeIgniter\Shield\Models\BaseModel->__construct()
 6 VENDORPATH\codeigniter4\shield\src\Auth.php(66): CodeIgniter\Shield\Auth->getProvider()
 7 VENDORPATH\codeigniter4\shield\src\Auth.php(90): CodeIgniter\Shield\Auth->ensureAuthentication()
 8 VENDORPATH\codeigniter4\shield\src\Collectors\Auth.php(68): CodeIgniter\Shield\Auth->getAuthenticator()
 9 SYSTEMPATH\Debug\Toolbar\Collectors\BaseCollector.php(227): CodeIgniter\Shield\Collectors\Auth->getTitleDetails()
10 SYSTEMPATH\Debug\Toolbar.php(95): CodeIgniter\Debug\Toolbar\Collectors\BaseCollector->getAsArray()
11 SYSTEMPATH\Debug\Toolbar.php(392): CodeIgniter\Debug\Toolbar->run()
12 SYSTEMPATH\Filters\DebugToolbar.php(44): CodeIgniter\Debug\Toolbar->prepare()
13 SYSTEMPATH\Filters\Filters.php(278): CodeIgniter\Filters\DebugToolbar->after()
14 SYSTEMPATH\Filters\Filters.php(364): CodeIgniter\Filters\Filters->runAfter()
15 SYSTEMPATH\CodeIgniter.php(393): CodeIgniter\Filters\Filters->runRequired()
16 SYSTEMPATH\CodeIgniter.php(354): CodeIgniter\CodeIgniter->runRequiredAfterFilters()
17 SYSTEMPATH\Boot.php(417): CodeIgniter\CodeIgniter->run()
18 SYSTEMPATH\Boot.php(68): CodeIgniter\Boot::runCodeIgniter()
19 FCPATH\index.php(59): CodeIgniter\Boot::bootWeb()
20 SYSTEMPATH\rewrite.php(44): require_once('C:\\Users\\earls\\Documents\\GitHub\\MARISENSE\\src\\public\\index.php')
CRITICAL - 2026-03-05 14:34:37 --> Error: Undefined constant "CodeIgniter\Database\MySQLi\MYSQLI_STORE_RESULT"
[Method: GET, Route: /]
in SYSTEMPATH\Database\Database.php on line 147.
 1 SYSTEMPATH\Database\Database.php(61): CodeIgniter\Database\Database->initDriver()
 2 SYSTEMPATH\Database\Config.php(82): CodeIgniter\Database\Database->load()
 3 SYSTEMPATH\Model.php(151): CodeIgniter\Database\Config::connect()
 4 VENDORPATH\codeigniter4\shield\src\Models\BaseModel.php(38): CodeIgniter\Model->__construct()
 5 VENDORPATH\codeigniter4\shield\src\Auth.php(167): CodeIgniter\Shield\Models\BaseModel->__construct()
 6 VENDORPATH\codeigniter4\shield\src\Auth.php(66): CodeIgniter\Shield\Auth->getProvider()
 7 VENDORPATH\codeigniter4\shield\src\Auth.php(90): CodeIgniter\Shield\Auth->ensureAuthentication()
 8 VENDORPATH\codeigniter4\shield\src\Collectors\Auth.php(68): CodeIgniter\Shield\Auth->getAuthenticator()
 9 SYSTEMPATH\Debug\Toolbar\Collectors\BaseCollector.php(227): CodeIgniter\Shield\Collectors\Auth->getTitleDetails()
10 SYSTEMPATH\Debug\Toolbar.php(95): CodeIgniter\Debug\Toolbar\Collectors\BaseCollector->getAsArray()
11 SYSTEMPATH\Debug\Toolbar.php(392): CodeIgniter\Debug\Toolbar->run()
12 SYSTEMPATH\Filters\DebugToolbar.php(44): CodeIgniter\Debug\Toolbar->prepare()
13 SYSTEMPATH\Filters\Filters.php(278): CodeIgniter\Filters\DebugToolbar->after()
14 SYSTEMPATH\Filters\Filters.php(364): CodeIgniter\Filters\Filters->runAfter()
15 SYSTEMPATH\CodeIgniter.php(393): CodeIgniter\Filters\Filters->runRequired()
16 SYSTEMPATH\CodeIgniter.php(354): CodeIgniter\CodeIgniter->runRequiredAfterFilters()
17 SYSTEMPATH\Boot.php(417): CodeIgniter\CodeIgniter->run()
18 SYSTEMPATH\Boot.php(68): CodeIgniter\Boot::runCodeIgniter()
19 FCPATH\index.php(59): CodeIgniter\Boot::bootWeb()
20 SYSTEMPATH\rewrite.php(44): require_once('C:\\Users\\earls\\Documents\\GitHub\\MARISENSE\\src\\public\\index.php')
CRITICAL - 2026-03-05 14:36:43 --> Error: Undefined constant "CodeIgniter\Database\MySQLi\MYSQLI_STORE_RESULT"
[Method: GET, Route: /]
in SYSTEMPATH\Database\Database.php on line 147.
 1 SYSTEMPATH\Database\Database.php(61): CodeIgniter\Database\Database->initDriver()
 2 SYSTEMPATH\Database\Config.php(82): CodeIgniter\Database\Database->load()
 3 SYSTEMPATH\Model.php(151): CodeIgniter\Database\Config::connect()
 4 VENDORPATH\codeigniter4\shield\src\Models\BaseModel.php(38): CodeIgniter\Model->__construct()
 5 VENDORPATH\codeigniter4\shield\src\Auth.php(167): CodeIgniter\Shield\Models\BaseModel->__construct()
 6 VENDORPATH\codeigniter4\shield\src\Auth.php(66): CodeIgniter\Shield\Auth->getProvider()
 7 VENDORPATH\codeigniter4\shield\src\Auth.php(90): CodeIgniter\Shield\Auth->ensureAuthentication()
 8 VENDORPATH\codeigniter4\shield\src\Collectors\Auth.php(68): CodeIgniter\Shield\Auth->getAuthenticator()
 9 SYSTEMPATH\Debug\Toolbar\Collectors\BaseCollector.php(227): CodeIgniter\Shield\Collectors\Auth->getTitleDetails()
10 SYSTEMPATH\Debug\Toolbar.php(95): CodeIgniter\Debug\Toolbar\Collectors\BaseCollector->getAsArray()
11 SYSTEMPATH\Debug\Toolbar.php(392): CodeIgniter\Debug\Toolbar->run()
12 SYSTEMPATH\Filters\DebugToolbar.php(44): CodeIgniter\Debug\Toolbar->prepare()
13 SYSTEMPATH\Filters\Filters.php(278): CodeIgniter\Filters\DebugToolbar->after()
14 SYSTEMPATH\Filters\Filters.php(364): CodeIgniter\Filters\Filters->runAfter()
15 SYSTEMPATH\CodeIgniter.php(393): CodeIgniter\Filters\Filters->runRequired()
16 SYSTEMPATH\CodeIgniter.php(354): CodeIgniter\CodeIgniter->runRequiredAfterFilters()
17 SYSTEMPATH\Boot.php(417): CodeIgniter\CodeIgniter->run()
18 SYSTEMPATH\Boot.php(68): CodeIgniter\Boot::runCodeIgniter()
19 FCPATH\index.php(59): CodeIgniter\Boot::bootWeb()
20 SYSTEMPATH\rewrite.php(44): require_once('C:\\Users\\earls\\Documents\\GitHub\\MARISENSE\\src\\public\\index.php')
CRITICAL - 2026-03-05 14:40:09 --> Error: Undefined constant "CodeIgniter\Database\MySQLi\MYSQLI_STORE_RESULT"
[Method: GET, Route: /]
in SYSTEMPATH\Database\Database.php on line 147.
 1 SYSTEMPATH\Database\Database.php(61): CodeIgniter\Database\Database->initDriver()
 2 SYSTEMPATH\Database\Config.php(82): CodeIgniter\Database\Database->load()
 3 SYSTEMPATH\Model.php(151): CodeIgniter\Database\Config::connect()
 4 VENDORPATH\codeigniter4\shield\src\Models\BaseModel.php(38): CodeIgniter\Model->__construct()
 5 VENDORPATH\codeigniter4\shield\src\Auth.php(167): CodeIgniter\Shield\Models\BaseModel->__construct()
 6 VENDORPATH\codeigniter4\shield\src\Auth.php(66): CodeIgniter\Shield\Auth->getProvider()
 7 VENDORPATH\codeigniter4\shield\src\Auth.php(90): CodeIgniter\Shield\Auth->ensureAuthentication()
 8 VENDORPATH\codeigniter4\shield\src\Collectors\Auth.php(68): CodeIgniter\Shield\Auth->getAuthenticator()
 9 SYSTEMPATH\Debug\Toolbar\Collectors\BaseCollector.php(227): CodeIgniter\Shield\Collectors\Auth->getTitleDetails()
10 SYSTEMPATH\Debug\Toolbar.php(95): CodeIgniter\Debug\Toolbar\Collectors\BaseCollector->getAsArray()
11 SYSTEMPATH\Debug\Toolbar.php(392): CodeIgniter\Debug\Toolbar->run()
12 SYSTEMPATH\Filters\DebugToolbar.php(44): CodeIgniter\Debug\Toolbar->prepare()
13 SYSTEMPATH\Filters\Filters.php(278): CodeIgniter\Filters\DebugToolbar->after()
14 SYSTEMPATH\Filters\Filters.php(364): CodeIgniter\Filters\Filters->runAfter()
15 SYSTEMPATH\CodeIgniter.php(393): CodeIgniter\Filters\Filters->runRequired()
16 SYSTEMPATH\CodeIgniter.php(354): CodeIgniter\CodeIgniter->runRequiredAfterFilters()
17 SYSTEMPATH\Boot.php(417): CodeIgniter\CodeIgniter->run()
18 SYSTEMPATH\Boot.php(68): CodeIgniter\Boot::runCodeIgniter()
19 FCPATH\index.php(59): CodeIgniter\Boot::bootWeb()
20 SYSTEMPATH\rewrite.php(44): require_once('C:\\Users\\earls\\Documents\\GitHub\\MARISENSE\\src\\public\\index.php')
CRITICAL - 2026-03-05 14:41:07 --> Error: Undefined constant "CodeIgniter\Database\MySQLi\MYSQLI_STORE_RESULT"
[Method: GET, Route: /]
in SYSTEMPATH\Database\Database.php on line 147.
 1 SYSTEMPATH\Database\Database.php(61): CodeIgniter\Database\Database->initDriver()
 2 SYSTEMPATH\Database\Config.php(82): CodeIgniter\Database\Database->load()
 3 SYSTEMPATH\Model.php(151): CodeIgniter\Database\Config::connect()
 4 VENDORPATH\codeigniter4\shield\src\Models\BaseModel.php(38): CodeIgniter\Model->__construct()
 5 VENDORPATH\codeigniter4\shield\src\Auth.php(167): CodeIgniter\Shield\Models\BaseModel->__construct()
 6 VENDORPATH\codeigniter4\shield\src\Auth.php(66): CodeIgniter\Shield\Auth->getProvider()
 7 VENDORPATH\codeigniter4\shield\src\Auth.php(90): CodeIgniter\Shield\Auth->ensureAuthentication()
 8 VENDORPATH\codeigniter4\shield\src\Collectors\Auth.php(68): CodeIgniter\Shield\Auth->getAuthenticator()
 9 SYSTEMPATH\Debug\Toolbar\Collectors\BaseCollector.php(227): CodeIgniter\Shield\Collectors\Auth->getTitleDetails()
10 SYSTEMPATH\Debug\Toolbar.php(95): CodeIgniter\Debug\Toolbar\Collectors\BaseCollector->getAsArray()
11 SYSTEMPATH\Debug\Toolbar.php(392): CodeIgniter\Debug\Toolbar->run()
12 SYSTEMPATH\Filters\DebugToolbar.php(44): CodeIgniter\Debug\Toolbar->prepare()
13 SYSTEMPATH\Filters\Filters.php(278): CodeIgniter\Filters\DebugToolbar->after()
14 SYSTEMPATH\Filters\Filters.php(364): CodeIgniter\Filters\Filters->runAfter()
15 SYSTEMPATH\CodeIgniter.php(393): CodeIgniter\Filters\Filters->runRequired()
16 SYSTEMPATH\CodeIgniter.php(354): CodeIgniter\CodeIgniter->runRequiredAfterFilters()
17 SYSTEMPATH\Boot.php(417): CodeIgniter\CodeIgniter->run()
18 SYSTEMPATH\Boot.php(68): CodeIgniter\Boot::runCodeIgniter()
19 FCPATH\index.php(59): CodeIgniter\Boot::bootWeb()
20 SYSTEMPATH\rewrite.php(44): require_once('C:\\Users\\earls\\Documents\\GitHub\\MARISENSE\\src\\public\\index.php')
CRITICAL - 2026-03-05 14:43:37 --> Error: Undefined constant "CodeIgniter\Database\MySQLi\MYSQLI_STORE_RESULT"
[Method: GET, Route: register]
in SYSTEMPATH\Database\Database.php on line 147.
 1 SYSTEMPATH\Database\Database.php(61): CodeIgniter\Database\Database->initDriver()
 2 SYSTEMPATH\Database\Config.php(82): CodeIgniter\Database\Database->load()
 3 SYSTEMPATH\Model.php(151): CodeIgniter\Database\Config::connect()
 4 VENDORPATH\codeigniter4\shield\src\Models\BaseModel.php(38): CodeIgniter\Model->__construct()
 5 VENDORPATH\codeigniter4\shield\src\Auth.php(167): CodeIgniter\Shield\Models\BaseModel->__construct()
 6 VENDORPATH\codeigniter4\shield\src\Auth.php(66): CodeIgniter\Shield\Auth->getProvider()
 7 VENDORPATH\codeigniter4\shield\src\Auth.php(184): CodeIgniter\Shield\Auth->ensureAuthentication()
 8 VENDORPATH\codeigniter4\shield\src\Controllers\RegisterController.php(58): CodeIgniter\Shield\Auth->__call()
 9 SYSTEMPATH\CodeIgniter.php(951): CodeIgniter\Shield\Controllers\RegisterController->registerView()
10 SYSTEMPATH\CodeIgniter.php(497): CodeIgniter\CodeIgniter->runController()
11 SYSTEMPATH\CodeIgniter.php(340): CodeIgniter\CodeIgniter->handleRequest()
12 SYSTEMPATH\Boot.php(417): CodeIgniter\CodeIgniter->run()
13 SYSTEMPATH\Boot.php(68): CodeIgniter\Boot::runCodeIgniter()
14 FCPATH\index.php(59): CodeIgniter\Boot::bootWeb()
15 SYSTEMPATH\rewrite.php(44): require_once('C:\\Users\\earls\\Documents\\GitHub\\MARISENSE\\src\\public\\index.php')
